#
# A fatal error has been detected by the Java Runtime Environment:
#
#  EXCEPTION_ACCESS_VIOLATION (0xc0000005) at pc=0x00007ffa35a2156b, pid=19256, tid=24884
#
# JRE version: OpenJDK Runtime Environment Corretto-11.0.14.10.1 (11.0.14.1+10) (build 11.0.14.1+10-LTS)
# Java VM: OpenJDK 64-Bit Server VM Corretto-11.0.14.10.1 (11.0.14.1+10-LTS, mixed mode, tiered, compressed oops, g1 gc, windows-amd64)
# Problematic frame:
# V  [jvm.dll+0x6f156b]
#
# No core dump will be written. Minidumps are not enabled by default on client versions of Windows
#
# If you would like to submit a bug report, please visit:
#   https://github.com/corretto/corretto-11/issues/
#

---------------  S U M M A R Y ------------

Command Line: -agentlib:jdwp=transport=dt_socket,address=127.0.0.1:58226,suspend=y,server=n -ea -Didea.test.cyclic.buffer.size=1048576 -javaagent:C:\Users\vlady\AppData\Local\JetBrains\IntelliJIdea2021.3\captureAgent\debugger-agent.jar -Dfile.encoding=UTF-8 com.intellij.rt.testng.RemoteTestNGStarter -usedefaultlisteners false -socket58225 @w@C:\Users\vlady\AppData\Local\Temp\idea_working_dirs_testng.tmp -temp C:\Users\vlady\AppData\Local\Temp\idea_testng.tmp

Host: Intel(R) Core(TM) i7-8750H CPU @ 2.20GHz, 12 cores, 15G,  Windows 10 , 64 bit Build 19041 (10.0.19041.1645)
Time: Mon Apr 18 23:28:21 2022 FLE Daylight Time elapsed time: 935.787904 seconds (0d 0h 15m 35s)

---------------  T H R E A D  ---------------

Current thread (0x000001837fe7b000):  VMThread "VM Thread" [stack: 0x00000002e5700000,0x00000002e5800000] [id=24884]

Stack: [0x00000002e5700000,0x00000002e5800000],  sp=0x00000002e57fe830,  free space=1018k
Native frames: (J=compiled Java code, j=interpreted, Vv=VM code, C=native code)
V  [jvm.dll+0x6f156b]
V  [jvm.dll+0x32d8f3]
V  [jvm.dll+0x32f61b]
V  [jvm.dll+0x32feee]
V  [jvm.dll+0x32d74c]
V  [jvm.dll+0x32c982]
V  [jvm.dll+0x60d555]
V  [jvm.dll+0x60d2dd]
V  [jvm.dll+0x5d1df3]
V  [jvm.dll+0x4deb31]
V  [jvm.dll+0x7ae9cc]
V  [jvm.dll+0x7b2b07]
V  [jvm.dll+0x7b3379]
V  [jvm.dll+0x7b3707]
V  [jvm.dll+0x767024]
V  [jvm.dll+0x61d486]
C  [ucrtbase.dll+0x21bb2]
C  [KERNEL32.DLL+0x17034]
C  [ntdll.dll+0x52651]


siginfo: EXCEPTION_ACCESS_VIOLATION (0xc0000005), reading address 0x0000000000000006


Register to memory mapping:

RIP=0x00007ffa35a2156b jvm.dll
RAX=0x00000002e57fe8d0 points into unknown readable memory: 0x0000000046000018 | 18 00 00 46 00 00 00 00
RBX=0x00000002e57fe8a0 points into unknown readable memory: 0x00007ffa35bed750 | 50 d7 be 35 fa 7f 00 00
RCX=0x0 is NULL
RDX=0x0 is NULL
RSP=0x00000002e57fe830 points into unknown readable memory: 0x00000002e57fe8a0 | a0 e8 7f e5 02 00 00 00
RBP=0x00000002e57fedf0 points into unknown readable memory: 0x0000018311880478 | 78 04 88 11 83 01 00 00
RSI=0x0 is NULL
RDI=0x0 is NULL
R8 =0x0 is NULL
R9 =0x00000183138a4b90 is pointing into metadata
R10=0x00007ffa35330000 jvm.dll
R11=0x00000002e57fed00 points into unknown readable memory: 0x00000002e57fedc0 | c0 ed 7f e5 02 00 00 00
R12=0x0000018311880150 points into unknown readable memory: 0x0000000035c2a600 | 00 a6 c2 35 00 00 00 00
R13=0x0 is NULL
R14=0x00000183138a5333 is pointing into metadata
R15=0x0000000000000039 is an unknown value


Registers:
RAX=0x00000002e57fe8d0, RBX=0x00000002e57fe8a0, RCX=0x0000000000000000, RDX=0x0000000000000000
RSP=0x00000002e57fe830, RBP=0x00000002e57fedf0, RSI=0x0000000000000000, RDI=0x0000000000000000
R8 =0x0000000000000000, R9 =0x00000183138a4b90, R10=0x00007ffa35330000, R11=0x00000002e57fed00
R12=0x0000018311880150, R13=0x0000000000000000, R14=0x00000183138a5333, R15=0x0000000000000039
RIP=0x00007ffa35a2156b, EFLAGS=0x0000000000010246

Top of Stack: (sp=0x00000002e57fe830)
0x00000002e57fe830:   00000002e57fe8a0 00007ffa3557864e
0x00000002e57fe840:   000001836abb0000 00007ffa35a21afb
0x00000002e57fe850:   00007ffa9df20000 00000002e57feda8
0x00000002e57fe860:   0000000000000001 00007ffa3565d8f3
0x00000002e57fe870:   0000000000000000 00000002e57fef60
0x00000002e57fe880:   00000002e57fe8f0 00007ffa3557864e
0x00000002e57fe890:   0000018300001000 0000000000000004
0x00000002e57fe8a0:   00007ffa35bed750 0000000000000000
0x00000002e57fe8b0:   0000000000000000 00007ffa0000000c
0x00000002e57fe8c0:   00000002e57fe8d0 0000000200000000
0x00000002e57fe8d0:   0000000046000018 0000018311880188
0x00000002e57fe8e0:   4fffffff4fffffff 00007ffa35b12624
0x00000002e57fe8f0:   00007ffa35bed750 000001837fde7268
0x00000002e57fe900:   0000000000000026 000001830000000e
0x00000002e57fe910:   00000002e57fe930 00007ffa9df32437
0x00000002e57fe920:   0000000000000000 000001836abb0150 

Instructions: (pc=0x00007ffa35a2156b)
0x00007ffa35a2146b:   03 48 8b cb ff 50 30 ff 43 14 48 c1 ef 04 eb 86
0x00007ffa35a2147b:   48 8b 03 45 33 c0 33 d2 48 8b cb ff 50 48 ff 43
0x00007ffa35a2148b:   14 48 c1 ef 04 e9 6c ff ff ff 48 8b 03 48 8b cb
0x00007ffa35a2149b:   ff 50 38 83 43 14 02 48 c1 ef 04 e9 56 ff ff ff
0x00007ffa35a214ab:   48 8b 03 48 8b cb ff 50 10 ff 43 14 48 c1 ef 04
0x00007ffa35a214bb:   e9 41 ff ff ff 48 8b 03 48 8b cb ff 50 18 83 43
0x00007ffa35a214cb:   14 02 48 c1 ef 04 e9 2b ff ff ff 48 8b 0d a3 23
0x00007ffa35a214db:   3d 00 48 8d 15 4c 61 22 00 e8 f7 f2 f2 ff 48 8b
0x00007ffa35a214eb:   0d 90 23 3d 00 48 8d 15 51 61 22 00 4c 8b c6 e8
0x00007ffa35a214fb:   e1 f2 f2 ff ba cb 00 00 00 48 8d 0d d5 60 22 00
0x00007ffa35a2150b:   e8 80 e1 b5 ff e8 cb 52 f2 ff 48 c1 ef 04 e9 e3
0x00007ffa35a2151b:   fe ff ff 66 90 22 14 6f 00 33 14 6f 00 45 14 6f
0x00007ffa35a2152b:   00 57 14 6f 00 69 14 6f 00 95 14 6f 00 ab 14 6f
0x00007ffa35a2153b:   00 c0 14 6f 00 7b 14 6f 00 e1 13 6f 00 cc cc cc
0x00007ffa35a2154b:   cc cc cc cc cc 40 53 48 83 ec 30 c7 41 10 00 00
0x00007ffa35a2155b:   00 00 48 8b d9 48 89 7c 24 48 48 8b 79 08 33 c9
0x00007ffa35a2156b:   80 7f 06 28 74 30 44 8d 41 35 c7 44 24 20 28 00
0x00007ffa35a2157b:   00 00 b9 00 00 00 e0 4c 8d 0d 47 60 22 00 48 8d
0x00007ffa35a2158b:   15 50 60 22 00 e8 6b df b5 ff e8 46 52 f2 ff 8b
0x00007ffa35a2159b:   4b 10 48 8b 7b 08 8d 41 01 48 63 c9 89 43 10 80
0x00007ffa35a215ab:   7c 39 07 29 0f 84 f9 00 00 00 48 89 74 24 40 44
0x00007ffa35a215bb:   8b c0 48 8d 35 3c ea 90 ff 0f 1f 40 00 0f 1f 84
0x00007ffa35a215cb:   00 00 00 00 00 4d 63 c8 41 0f be 4c 39 06 83 c1
0x00007ffa35a215db:   be 83 f9 19 0f 87 96 00 00 00 48 63 c9 0f b6 8c
0x00007ffa35a215eb:   0e 64 17 6f 00 8b 94 8e 54 17 6f 00 48 03 d6 ff
0x00007ffa35a215fb:   e2 41 8d 40 01 89 43 10 e9 8c 00 00 00 0f 1f 84
0x00007ffa35a2160b:   00 00 00 00 00 48 63 c8 ff c0 89 43 10 44 8b c0
0x00007ffa35a2161b:   80 7c 39 06 3b 75 ee eb 73 41 8d 40 01 89 43 10
0x00007ffa35a2162b:   41 80 7c 39 07 5b 75 1c 0f 1f 40 00 66 0f 1f 84
0x00007ffa35a2163b:   00 00 00 00 00 48 63 c8 ff c0 89 43 10 80 7c 39
0x00007ffa35a2164b:   07 5b 74 f1 48 63 c8 80 7c 39 06 4c 75 1b 0f 1f
0x00007ffa35a2165b:   80 00 00 00 00 48 63 c8 ff c0 89 43 10 44 8b c0 


Stack slot to memory mapping:
stack at sp + 0 slots: 0x00000002e57fe8a0 points into unknown readable memory: 0x00007ffa35bed750 | 50 d7 be 35 fa 7f 00 00
stack at sp + 1 slots: 0x00007ffa3557864e jvm.dll
stack at sp + 2 slots: 0x000001836abb0000 points into unknown readable memory: 0x0000000000000000 | 00 00 00 00 00 00 00 00
stack at sp + 3 slots: 0x00007ffa35a21afb jvm.dll
stack at sp + 4 slots: 0x00007ffa9df20000 ucrtbase.dll
stack at sp + 5 slots: 0x00000002e57feda8 points into unknown readable memory: 0x00007ffa35bed7b0 | b0 d7 be 35 fa 7f 00 00
stack at sp + 6 slots: 0x0000000000000001 is an unknown value
stack at sp + 7 slots: 0x00007ffa3565d8f3 jvm.dll

VM_Operation (0x00000002e62ff920): GetOrSetLocal, mode: safepoint, requested by thread 0x0000018311bfa800


---------------  P R O C E S S  ---------------

Threads class SMR info:
_java_thread_list=0x00000183149c3400, length=19, elements={
0x000001836ae89800, 0x000001837fe7c800, 0x000001837fe85800, 0x00000183118e8800,
0x00000183118eb800, 0x00000183118ed800, 0x00000183118f6000, 0x00000183118fb800,
0x00000183118fc800, 0x0000018311a75000, 0x0000018311bfa800, 0x0000018311ba2000,
0x0000018311ba0000, 0x00000183131b1800, 0x0000018312ccf800, 0x0000018312b4c000,
0x0000018312cf1800, 0x0000018317b75000, 0x0000018317160800
}

Java Threads: ( => current thread )
  0x000001836ae89800 JavaThread "main" [_thread_blocked, id=5708, stack(0x00000002e5100000,0x00000002e5200000)]
  0x000001837fe7c800 JavaThread "Reference Handler" daemon [_thread_blocked, id=21412, stack(0x00000002e5800000,0x00000002e5900000)]
  0x000001837fe85800 JavaThread "Finalizer" daemon [_thread_blocked, id=21980, stack(0x00000002e5900000,0x00000002e5a00000)]
  0x00000183118e8800 JavaThread "Signal Dispatcher" daemon [_thread_blocked, id=10068, stack(0x00000002e5a00000,0x00000002e5b00000)]
  0x00000183118eb800 JavaThread "Attach Listener" daemon [_thread_blocked, id=27192, stack(0x00000002e5b00000,0x00000002e5c00000)]
  0x00000183118ed800 JavaThread "Service Thread" daemon [_thread_blocked, id=7392, stack(0x00000002e5c00000,0x00000002e5d00000)]
  0x00000183118f6000 JavaThread "C2 CompilerThread0" daemon [_thread_blocked, id=1548, stack(0x00000002e5d00000,0x00000002e5e00000)]
  0x00000183118fb800 JavaThread "C1 CompilerThread0" daemon [_thread_blocked, id=17532, stack(0x00000002e5e00000,0x00000002e5f00000)]
  0x00000183118fc800 JavaThread "Sweeper thread" daemon [_thread_blocked, id=16060, stack(0x00000002e5f00000,0x00000002e6000000)]
  0x0000018311a75000 JavaThread "Common-Cleaner" daemon [_thread_blocked, id=24772, stack(0x00000002e6000000,0x00000002e6100000)]
  0x0000018311bfa800 JavaThread "JDWP Transport Listener: dt_socket" daemon [_thread_blocked, id=25544, stack(0x00000002e6200000,0x00000002e6300000)] _threads_hazard_ptr=0x00000183149c3400
  0x0000018311ba2000 JavaThread "JDWP Event Helper Thread" daemon [_thread_blocked, id=16516, stack(0x00000002e6300000,0x00000002e6400000)]
  0x0000018311ba0000 JavaThread "JDWP Command Reader" daemon [_thread_in_native, id=13776, stack(0x00000002e6400000,0x00000002e6500000)]
  0x00000183131b1800 JavaThread "ForkJoinPool.commonPool-worker-19" daemon [_thread_blocked, id=17724, stack(0x00000002e6b00000,0x00000002e6c00000)]
  0x0000018312ccf800 JavaThread "ForkJoinPool.commonPool-worker-5" daemon [_thread_blocked, id=19164, stack(0x00000002e6c00000,0x00000002e6d00000)]
  0x0000018312b4c000 JavaThread "ForkJoinPool.commonPool-worker-23" daemon [_thread_blocked, id=22952, stack(0x00000002e6d00000,0x00000002e6e00000)]
  0x0000018312cf1800 JavaThread "ForkJoinPool.commonPool-worker-9" daemon [_thread_blocked, id=20624, stack(0x00000002e6e00000,0x00000002e6f00000)]
  0x0000018317b75000 JavaThread "mysql-cj-abandoned-connection-cleanup" daemon [_thread_blocked, id=1452, stack(0x00000002e7100000,0x00000002e7200000)]
  0x0000018317160800 JavaThread "HikariPool-1 housekeeper" daemon [_thread_blocked, id=17712, stack(0x00000002e7400000,0x00000002e7500000)]

Other Threads:
=>0x000001837fe7b000 VMThread "VM Thread" [stack: 0x00000002e5700000,0x00000002e5800000] [id=24884]
  0x0000018311cc1800 WatcherThread [stack: 0x00000002e6500000,0x00000002e6600000] [id=6496]
  0x000001836aea5000 GCTaskThread "GC Thread#0" [stack: 0x00000002e5200000,0x00000002e5300000] [id=21908]
  0x0000018312a4c800 GCTaskThread "GC Thread#1" [stack: 0x00000002e6600000,0x00000002e6700000] [id=21328]
  0x0000018312367000 GCTaskThread "GC Thread#2" [stack: 0x00000002e6700000,0x00000002e6800000] [id=27212]
  0x00000183129ff000 GCTaskThread "GC Thread#3" [stack: 0x00000002e6800000,0x00000002e6900000] [id=11644]
  0x00000183129ff800 GCTaskThread "GC Thread#4" [stack: 0x00000002e6900000,0x00000002e6a00000] [id=14624]
  0x00000183128a8800 GCTaskThread "GC Thread#5" [stack: 0x00000002e6a00000,0x00000002e6b00000] [id=9448]
  0x000001836af01800 ConcurrentGCThread "G1 Main Marker" [stack: 0x00000002e5300000,0x00000002e5400000] [id=22144]
  0x000001836af02800 ConcurrentGCThread "G1 Conc#0" [stack: 0x00000002e5400000,0x00000002e5500000] [id=22172]
  0x00000183135fa000 ConcurrentGCThread "G1 Conc#1" [stack: 0x00000002e6f00000,0x00000002e7000000] [id=21972]
  0x0000018312b00000 ConcurrentGCThread "G1 Conc#2" [stack: 0x00000002e7000000,0x00000002e7100000] [id=24912]
  0x000001837fd5b000 ConcurrentGCThread "G1 Refine#0" [stack: 0x00000002e5500000,0x00000002e5600000] [id=15932]
  0x000001837fd5c000 ConcurrentGCThread "G1 Young RemSet Sampling" [stack: 0x00000002e5600000,0x00000002e5700000] [id=10680]

Threads with active compile tasks:

VM state:at safepoint (normal execution)

VM Mutex/Monitor currently owned by a thread:  ([mutex/lock_event])
[0x000001836ae865b0] Threads_lock - owner thread: 0x000001837fe7b000

Heap address: 0x0000000702600000, size: 4058 MB, Compressed Oops mode: Zero based, Oop shift amount: 3
Narrow klass base: 0x0000000800000000, Narrow klass shift: 0
Compressed class space size: 1073741824 Address: 0x0000000800000000

Heap:
 garbage-first heap   total 260096K, used 34279K [0x0000000702600000, 0x0000000800000000)
  region size 1024K, 22 young (22528K), 14 survivors (14336K)
 Metaspace       used 67397K, capacity 69338K, committed 69456K, reserved 1110016K
  class space    used 8438K, capacity 9191K, committed 9216K, reserved 1048576K
Heap Regions: E=young(eden), S=young(survivor), O=old, HS=humongous(starts), HC=humongous(continues), CS=collection set, F=free, A=archive, TAMS=top-at-mark-start (previous, next)
|   0|0x0000000702600000, 0x0000000702700000, 0x0000000702700000|100%|HS|  |TAMS 0x0000000702700000, 0x0000000702600000| Complete 
|   1|0x0000000702700000, 0x0000000702800000, 0x0000000702800000|100%| O|  |TAMS 0x0000000702800000, 0x0000000702700000| Untracked 
|   2|0x0000000702800000, 0x0000000702900000, 0x0000000702900000|100%| O|  |TAMS 0x0000000702900000, 0x0000000702800000| Untracked 
|   3|0x0000000702900000, 0x0000000702a00000, 0x0000000702a00000|100%| O|  |TAMS 0x0000000702a00000, 0x0000000702900000| Untracked 
|   4|0x0000000702a00000, 0x0000000702b00000, 0x0000000702b00000|100%| O|  |TAMS 0x0000000702b00000, 0x0000000702a00000| Untracked 
|   5|0x0000000702b00000, 0x0000000702c00000, 0x0000000702c00000|100%| O|  |TAMS 0x0000000702c00000, 0x0000000702b00000| Untracked 
|   6|0x0000000702c00000, 0x0000000702d00000, 0x0000000702d00000|100%| O|  |TAMS 0x0000000702d00000, 0x0000000702c00000| Untracked 
|   7|0x0000000702d00000, 0x0000000702e00000, 0x0000000702e00000|100%| O|  |TAMS 0x0000000702e00000, 0x0000000702d00000| Untracked 
|   8|0x0000000702e00000, 0x0000000702f00000, 0x0000000702f00000|100%| O|  |TAMS 0x0000000702f00000, 0x0000000702e00000| Untracked 
|   9|0x0000000702f00000, 0x0000000703000000, 0x0000000703000000|100%| O|  |TAMS 0x0000000703000000, 0x0000000702f00000| Untracked 
|  10|0x0000000703000000, 0x0000000703100000, 0x0000000703100000|100%| O|  |TAMS 0x00000007030efe00, 0x0000000703000000| Untracked 
|  11|0x0000000703100000, 0x0000000703200000, 0x0000000703200000|100%| O|  |TAMS 0x0000000703100000, 0x0000000703100000| Untracked 
|  12|0x0000000703200000, 0x0000000703300000, 0x0000000703300000|100%| O|  |TAMS 0x0000000703200000, 0x0000000703200000| Untracked 
|  13|0x0000000703300000, 0x0000000703326600, 0x0000000703400000| 14%| O|  |TAMS 0x0000000703300000, 0x0000000703300000| Untracked 
|  14|0x0000000703400000, 0x0000000703400000, 0x0000000703500000|  0%| F|  |TAMS 0x0000000703400000, 0x0000000703400000| Untracked 
|  15|0x0000000703500000, 0x0000000703500000, 0x0000000703600000|  0%| F|  |TAMS 0x0000000703500000, 0x0000000703500000| Untracked 
|  16|0x0000000703600000, 0x0000000703600000, 0x0000000703700000|  0%| F|  |TAMS 0x0000000703600000, 0x0000000703600000| Untracked 
|  17|0x0000000703700000, 0x0000000703700000, 0x0000000703800000|  0%| F|  |TAMS 0x0000000703700000, 0x0000000703700000| Untracked 
|  18|0x0000000703800000, 0x0000000703800000, 0x0000000703900000|  0%| F|  |TAMS 0x0000000703800000, 0x0000000703800000| Untracked 
|  19|0x0000000703900000, 0x0000000703900000, 0x0000000703a00000|  0%| F|  |TAMS 0x0000000703900000, 0x0000000703900000| Untracked 
|  20|0x0000000703a00000, 0x0000000703a00000, 0x0000000703b00000|  0%| F|  |TAMS 0x0000000703a00000, 0x0000000703a00000| Untracked 
|  21|0x0000000703b00000, 0x0000000703b00000, 0x0000000703c00000|  0%| F|  |TAMS 0x0000000703b00000, 0x0000000703b00000| Untracked 
|  22|0x0000000703c00000, 0x0000000703c00000, 0x0000000703d00000|  0%| F|  |TAMS 0x0000000703c00000, 0x0000000703c00000| Untracked 
|  23|0x0000000703d00000, 0x0000000703d00000, 0x0000000703e00000|  0%| F|  |TAMS 0x0000000703d00000, 0x0000000703d00000| Untracked 
|  24|0x0000000703e00000, 0x0000000703e00000, 0x0000000703f00000|  0%| F|  |TAMS 0x0000000703e00000, 0x0000000703e00000| Untracked 
|  25|0x0000000703f00000, 0x0000000703f00000, 0x0000000704000000|  0%| F|  |TAMS 0x0000000703f00000, 0x0000000703f00000| Untracked 
|  26|0x0000000704000000, 0x0000000704000000, 0x0000000704100000|  0%| F|  |TAMS 0x0000000704000000, 0x0000000704000000| Untracked 
|  27|0x0000000704100000, 0x0000000704100000, 0x0000000704200000|  0%| F|  |TAMS 0x0000000704100000, 0x0000000704100000| Untracked 
|  28|0x0000000704200000, 0x0000000704200000, 0x0000000704300000|  0%| F|  |TAMS 0x0000000704200000, 0x0000000704200000| Untracked 
|  29|0x0000000704300000, 0x0000000704300000, 0x0000000704400000|  0%| F|  |TAMS 0x0000000704300000, 0x0000000704300000| Untracked 
|  30|0x0000000704400000, 0x0000000704400000, 0x0000000704500000|  0%| F|  |TAMS 0x0000000704400000, 0x0000000704400000| Untracked 
|  31|0x0000000704500000, 0x0000000704500000, 0x0000000704600000|  0%| F|  |TAMS 0x0000000704500000, 0x0000000704500000| Untracked 
|  32|0x0000000704600000, 0x0000000704600000, 0x0000000704700000|  0%| F|  |TAMS 0x0000000704600000, 0x0000000704600000| Untracked 
|  33|0x0000000704700000, 0x0000000704700000, 0x0000000704800000|  0%| F|  |TAMS 0x0000000704700000, 0x0000000704700000| Untracked 
|  34|0x0000000704800000, 0x0000000704800000, 0x0000000704900000|  0%| F|  |TAMS 0x0000000704800000, 0x0000000704800000| Untracked 
|  35|0x0000000704900000, 0x0000000704900000, 0x0000000704a00000|  0%| F|  |TAMS 0x0000000704900000, 0x0000000704900000| Untracked 
|  36|0x0000000704a00000, 0x0000000704a00000, 0x0000000704b00000|  0%| F|  |TAMS 0x0000000704a00000, 0x0000000704a00000| Untracked 
|  37|0x0000000704b00000, 0x0000000704b00000, 0x0000000704c00000|  0%| F|  |TAMS 0x0000000704b00000, 0x0000000704b00000| Untracked 
|  38|0x0000000704c00000, 0x0000000704c00000, 0x0000000704d00000|  0%| F|  |TAMS 0x0000000704c00000, 0x0000000704c00000| Untracked 
|  39|0x0000000704d00000, 0x0000000704d00000, 0x0000000704e00000|  0%| F|  |TAMS 0x0000000704d00000, 0x0000000704d00000| Untracked 
|  40|0x0000000704e00000, 0x0000000704e00000, 0x0000000704f00000|  0%| F|  |TAMS 0x0000000704e00000, 0x0000000704e00000| Untracked 
|  41|0x0000000704f00000, 0x0000000704f00000, 0x0000000705000000|  0%| F|  |TAMS 0x0000000704f00000, 0x0000000704f00000| Untracked 
|  42|0x0000000705000000, 0x0000000705000000, 0x0000000705100000|  0%| F|  |TAMS 0x0000000705000000, 0x0000000705000000| Untracked 
|  43|0x0000000705100000, 0x0000000705100000, 0x0000000705200000|  0%| F|  |TAMS 0x0000000705100000, 0x0000000705100000| Untracked 
|  44|0x0000000705200000, 0x0000000705200000, 0x0000000705300000|  0%| F|  |TAMS 0x0000000705200000, 0x0000000705200000| Untracked 
|  45|0x0000000705300000, 0x0000000705300000, 0x0000000705400000|  0%| F|  |TAMS 0x0000000705300000, 0x0000000705300000| Untracked 
|  46|0x0000000705400000, 0x0000000705400000, 0x0000000705500000|  0%| F|  |TAMS 0x0000000705400000, 0x0000000705400000| Untracked 
|  47|0x0000000705500000, 0x0000000705500000, 0x0000000705600000|  0%| F|  |TAMS 0x0000000705500000, 0x0000000705500000| Untracked 
|  48|0x0000000705600000, 0x0000000705600000, 0x0000000705700000|  0%| F|  |TAMS 0x0000000705600000, 0x0000000705600000| Untracked 
|  49|0x0000000705700000, 0x0000000705700000, 0x0000000705800000|  0%| F|  |TAMS 0x0000000705700000, 0x0000000705700000| Untracked 
|  50|0x0000000705800000, 0x0000000705800000, 0x0000000705900000|  0%| F|  |TAMS 0x0000000705800000, 0x0000000705800000| Untracked 
|  51|0x0000000705900000, 0x0000000705900000, 0x0000000705a00000|  0%| F|  |TAMS 0x0000000705900000, 0x0000000705900000| Untracked 
|  52|0x0000000705a00000, 0x0000000705a00000, 0x0000000705b00000|  0%| F|  |TAMS 0x0000000705a00000, 0x0000000705a00000| Untracked 
|  53|0x0000000705b00000, 0x0000000705b00000, 0x0000000705c00000|  0%| F|  |TAMS 0x0000000705b00000, 0x0000000705b00000| Untracked 
|  54|0x0000000705c00000, 0x0000000705c00000, 0x0000000705d00000|  0%| F|  |TAMS 0x0000000705c00000, 0x0000000705c00000| Untracked 
|  55|0x0000000705d00000, 0x0000000705d00000, 0x0000000705e00000|  0%| F|  |TAMS 0x0000000705d00000, 0x0000000705d00000| Untracked 
|  56|0x0000000705e00000, 0x0000000705e00000, 0x0000000705f00000|  0%| F|  |TAMS 0x0000000705e00000, 0x0000000705e00000| Untracked 
|  57|0x0000000705f00000, 0x0000000705f00000, 0x0000000706000000|  0%| F|  |TAMS 0x0000000705f00000, 0x0000000705f00000| Untracked 
|  58|0x0000000706000000, 0x0000000706000000, 0x0000000706100000|  0%| F|  |TAMS 0x0000000706000000, 0x0000000706000000| Untracked 
|  59|0x0000000706100000, 0x0000000706100000, 0x0000000706200000|  0%| F|  |TAMS 0x0000000706100000, 0x0000000706100000| Untracked 
|  60|0x0000000706200000, 0x0000000706200000, 0x0000000706300000|  0%| F|  |TAMS 0x0000000706200000, 0x0000000706200000| Untracked 
|  61|0x0000000706300000, 0x0000000706300000, 0x0000000706400000|  0%| F|  |TAMS 0x0000000706300000, 0x0000000706300000| Untracked 
|  62|0x0000000706400000, 0x0000000706400000, 0x0000000706500000|  0%| F|  |TAMS 0x0000000706400000, 0x0000000706400000| Untracked 
|  63|0x0000000706500000, 0x0000000706500000, 0x0000000706600000|  0%| F|  |TAMS 0x0000000706500000, 0x0000000706500000| Untracked 
|  64|0x0000000706600000, 0x0000000706600000, 0x0000000706700000|  0%| F|  |TAMS 0x0000000706600000, 0x0000000706600000| Untracked 
|  65|0x0000000706700000, 0x0000000706700000, 0x0000000706800000|  0%| F|  |TAMS 0x0000000706700000, 0x0000000706700000| Untracked 
|  66|0x0000000706800000, 0x0000000706800000, 0x0000000706900000|  0%| F|  |TAMS 0x0000000706800000, 0x0000000706800000| Untracked 
|  67|0x0000000706900000, 0x0000000706900000, 0x0000000706a00000|  0%| F|  |TAMS 0x0000000706900000, 0x0000000706900000| Untracked 
|  68|0x0000000706a00000, 0x0000000706a00000, 0x0000000706b00000|  0%| F|  |TAMS 0x0000000706a00000, 0x0000000706a00000| Untracked 
|  69|0x0000000706b00000, 0x0000000706b00000, 0x0000000706c00000|  0%| F|  |TAMS 0x0000000706b00000, 0x0000000706b00000| Untracked 
|  70|0x0000000706c00000, 0x0000000706c00000, 0x0000000706d00000|  0%| F|  |TAMS 0x0000000706c00000, 0x0000000706c00000| Untracked 
|  71|0x0000000706d00000, 0x0000000706d00000, 0x0000000706e00000|  0%| F|  |TAMS 0x0000000706d00000, 0x0000000706d00000| Untracked 
|  72|0x0000000706e00000, 0x0000000706e00000, 0x0000000706f00000|  0%| F|  |TAMS 0x0000000706e00000, 0x0000000706e00000| Untracked 
|  73|0x0000000706f00000, 0x0000000706f00000, 0x0000000707000000|  0%| F|  |TAMS 0x0000000706f00000, 0x0000000706f00000| Untracked 
|  74|0x0000000707000000, 0x0000000707000000, 0x0000000707100000|  0%| F|  |TAMS 0x0000000707000000, 0x0000000707000000| Untracked 
|  75|0x0000000707100000, 0x0000000707100000, 0x0000000707200000|  0%| F|  |TAMS 0x0000000707100000, 0x0000000707100000| Untracked 
|  76|0x0000000707200000, 0x0000000707200000, 0x0000000707300000|  0%| F|  |TAMS 0x0000000707200000, 0x0000000707200000| Untracked 
|  77|0x0000000707300000, 0x0000000707300000, 0x0000000707400000|  0%| F|  |TAMS 0x0000000707300000, 0x0000000707300000| Untracked 
|  78|0x0000000707400000, 0x0000000707400000, 0x0000000707500000|  0%| F|  |TAMS 0x0000000707400000, 0x0000000707400000| Untracked 
|  79|0x0000000707500000, 0x0000000707500000, 0x0000000707600000|  0%| F|  |TAMS 0x0000000707500000, 0x0000000707500000| Untracked 
|  80|0x0000000707600000, 0x0000000707600000, 0x0000000707700000|  0%| F|  |TAMS 0x0000000707600000, 0x0000000707600000| Untracked 
|  81|0x0000000707700000, 0x0000000707700000, 0x0000000707800000|  0%| F|  |TAMS 0x0000000707700000, 0x0000000707700000| Untracked 
|  82|0x0000000707800000, 0x0000000707800000, 0x0000000707900000|  0%| F|  |TAMS 0x0000000707800000, 0x0000000707800000| Untracked 
|  83|0x0000000707900000, 0x0000000707900000, 0x0000000707a00000|  0%| F|  |TAMS 0x0000000707900000, 0x0000000707900000| Untracked 
|  84|0x0000000707a00000, 0x0000000707a00000, 0x0000000707b00000|  0%| F|  |TAMS 0x0000000707a00000, 0x0000000707a00000| Untracked 
|  85|0x0000000707b00000, 0x0000000707b00000, 0x0000000707c00000|  0%| F|  |TAMS 0x0000000707b00000, 0x0000000707b00000| Untracked 
|  86|0x0000000707c00000, 0x0000000707c00000, 0x0000000707d00000|  0%| F|  |TAMS 0x0000000707c00000, 0x0000000707c00000| Untracked 
|  87|0x0000000707d00000, 0x0000000707d00000, 0x0000000707e00000|  0%| F|  |TAMS 0x0000000707d00000, 0x0000000707d00000| Untracked 
|  88|0x0000000707e00000, 0x0000000707e536d8, 0x0000000707f00000| 32%| S|CS|TAMS 0x0000000707e00000, 0x0000000707e00000| Complete 
|  89|0x0000000707f00000, 0x0000000708000000, 0x0000000708000000|100%| S|CS|TAMS 0x0000000707f00000, 0x0000000707f00000| Complete 
|  90|0x0000000708000000, 0x0000000708100000, 0x0000000708100000|100%| S|CS|TAMS 0x0000000708000000, 0x0000000708000000| Complete 
|  91|0x0000000708100000, 0x0000000708200000, 0x0000000708200000|100%| S|CS|TAMS 0x0000000708100000, 0x0000000708100000| Complete 
|  92|0x0000000708200000, 0x0000000708300000, 0x0000000708300000|100%| S|CS|TAMS 0x0000000708200000, 0x0000000708200000| Complete 
|  93|0x0000000708300000, 0x0000000708400000, 0x0000000708400000|100%| S|CS|TAMS 0x0000000708300000, 0x0000000708300000| Complete 
|  94|0x0000000708400000, 0x0000000708500000, 0x0000000708500000|100%| S|CS|TAMS 0x0000000708400000, 0x0000000708400000| Complete 
|  95|0x0000000708500000, 0x0000000708600000, 0x0000000708600000|100%| S|CS|TAMS 0x0000000708500000, 0x0000000708500000| Complete 
|  96|0x0000000708600000, 0x0000000708700000, 0x0000000708700000|100%| S|CS|TAMS 0x0000000708600000, 0x0000000708600000| Complete 
|  97|0x0000000708700000, 0x0000000708800000, 0x0000000708800000|100%| S|CS|TAMS 0x0000000708700000, 0x0000000708700000| Complete 
|  98|0x0000000708800000, 0x0000000708900000, 0x0000000708900000|100%| S|CS|TAMS 0x0000000708800000, 0x0000000708800000| Complete 
|  99|0x0000000708900000, 0x0000000708a00000, 0x0000000708a00000|100%| S|CS|TAMS 0x0000000708900000, 0x0000000708900000| Complete 
| 100|0x0000000708a00000, 0x0000000708b00000, 0x0000000708b00000|100%| S|CS|TAMS 0x0000000708a00000, 0x0000000708a00000| Complete 
| 101|0x0000000708b00000, 0x0000000708c00000, 0x0000000708c00000|100%| S|CS|TAMS 0x0000000708b00000, 0x0000000708b00000| Complete 
| 102|0x0000000708c00000, 0x0000000708c00000, 0x0000000708d00000|  0%| F|  |TAMS 0x0000000708c00000, 0x0000000708c00000| Untracked 
| 103|0x0000000708d00000, 0x0000000708d00000, 0x0000000708e00000|  0%| F|  |TAMS 0x0000000708d00000, 0x0000000708d00000| Untracked 
| 104|0x0000000708e00000, 0x0000000708e00000, 0x0000000708f00000|  0%| F|  |TAMS 0x0000000708e00000, 0x0000000708e00000| Untracked 
| 105|0x0000000708f00000, 0x0000000708f00000, 0x0000000709000000|  0%| F|  |TAMS 0x0000000708f00000, 0x0000000708f00000| Untracked 
| 106|0x0000000709000000, 0x0000000709000000, 0x0000000709100000|  0%| F|  |TAMS 0x0000000709000000, 0x0000000709000000| Untracked 
| 107|0x0000000709100000, 0x0000000709100000, 0x0000000709200000|  0%| F|  |TAMS 0x0000000709100000, 0x0000000709100000| Untracked 
| 108|0x0000000709200000, 0x0000000709200000, 0x0000000709300000|  0%| F|  |TAMS 0x0000000709200000, 0x0000000709200000| Untracked 
| 109|0x0000000709300000, 0x0000000709300000, 0x0000000709400000|  0%| F|  |TAMS 0x0000000709300000, 0x0000000709300000| Untracked 
| 110|0x0000000709400000, 0x0000000709400000, 0x0000000709500000|  0%| F|  |TAMS 0x0000000709400000, 0x0000000709400000| Untracked 
| 111|0x0000000709500000, 0x0000000709500000, 0x0000000709600000|  0%| F|  |TAMS 0x0000000709500000, 0x0000000709500000| Untracked 
| 112|0x0000000709600000, 0x0000000709600000, 0x0000000709700000|  0%| F|  |TAMS 0x0000000709600000, 0x0000000709600000| Untracked 
| 113|0x0000000709700000, 0x0000000709700000, 0x0000000709800000|  0%| F|  |TAMS 0x0000000709700000, 0x0000000709700000| Untracked 
| 114|0x0000000709800000, 0x0000000709800000, 0x0000000709900000|  0%| F|  |TAMS 0x0000000709800000, 0x0000000709800000| Untracked 
| 115|0x0000000709900000, 0x0000000709900000, 0x0000000709a00000|  0%| F|  |TAMS 0x0000000709900000, 0x0000000709900000| Untracked 
| 116|0x0000000709a00000, 0x0000000709a00000, 0x0000000709b00000|  0%| F|  |TAMS 0x0000000709a00000, 0x0000000709a00000| Untracked 
| 117|0x0000000709b00000, 0x0000000709b00000, 0x0000000709c00000|  0%| F|  |TAMS 0x0000000709b00000, 0x0000000709b00000| Untracked 
| 118|0x0000000709c00000, 0x0000000709c00000, 0x0000000709d00000|  0%| F|  |TAMS 0x0000000709c00000, 0x0000000709c00000| Untracked 
| 119|0x0000000709d00000, 0x0000000709d00000, 0x0000000709e00000|  0%| F|  |TAMS 0x0000000709d00000, 0x0000000709d00000| Untracked 
| 120|0x0000000709e00000, 0x0000000709e00000, 0x0000000709f00000|  0%| F|  |TAMS 0x0000000709e00000, 0x0000000709e00000| Untracked 
| 121|0x0000000709f00000, 0x0000000709f00000, 0x000000070a000000|  0%| F|  |TAMS 0x0000000709f00000, 0x0000000709f00000| Untracked 
| 122|0x000000070a000000, 0x000000070a000000, 0x000000070a100000|  0%| F|  |TAMS 0x000000070a000000, 0x000000070a000000| Untracked 
| 123|0x000000070a100000, 0x000000070a100000, 0x000000070a200000|  0%| F|  |TAMS 0x000000070a100000, 0x000000070a100000| Untracked 
| 124|0x000000070a200000, 0x000000070a200000, 0x000000070a300000|  0%| F|  |TAMS 0x000000070a200000, 0x000000070a200000| Untracked 
| 125|0x000000070a300000, 0x000000070a300000, 0x000000070a400000|  0%| F|  |TAMS 0x000000070a300000, 0x000000070a300000| Untracked 
| 126|0x000000070a400000, 0x000000070a400000, 0x000000070a500000|  0%| F|  |TAMS 0x000000070a400000, 0x000000070a400000| Untracked 
| 127|0x000000070a500000, 0x000000070a500000, 0x000000070a600000|  0%| F|  |TAMS 0x000000070a500000, 0x000000070a500000| Untracked 
| 128|0x000000070a600000, 0x000000070a600000, 0x000000070a700000|  0%| F|  |TAMS 0x000000070a600000, 0x000000070a600000| Untracked 
| 129|0x000000070a700000, 0x000000070a700000, 0x000000070a800000|  0%| F|  |TAMS 0x000000070a700000, 0x000000070a700000| Untracked 
| 130|0x000000070a800000, 0x000000070a800000, 0x000000070a900000|  0%| F|  |TAMS 0x000000070a800000, 0x000000070a800000| Untracked 
| 131|0x000000070a900000, 0x000000070a900000, 0x000000070aa00000|  0%| F|  |TAMS 0x000000070a900000, 0x000000070a900000| Untracked 
| 132|0x000000070aa00000, 0x000000070aa00000, 0x000000070ab00000|  0%| F|  |TAMS 0x000000070aa00000, 0x000000070aa00000| Untracked 
| 133|0x000000070ab00000, 0x000000070ab00000, 0x000000070ac00000|  0%| F|  |TAMS 0x000000070ab00000, 0x000000070ab00000| Untracked 
| 134|0x000000070ac00000, 0x000000070ac00000, 0x000000070ad00000|  0%| F|  |TAMS 0x000000070ac00000, 0x000000070ac00000| Untracked 
| 135|0x000000070ad00000, 0x000000070ad00000, 0x000000070ae00000|  0%| F|  |TAMS 0x000000070ad00000, 0x000000070ad00000| Untracked 
| 136|0x000000070ae00000, 0x000000070ae00000, 0x000000070af00000|  0%| F|  |TAMS 0x000000070ae00000, 0x000000070ae00000| Untracked 
| 137|0x000000070af00000, 0x000000070af00000, 0x000000070b000000|  0%| F|  |TAMS 0x000000070af00000, 0x000000070af00000| Untracked 
| 138|0x000000070b000000, 0x000000070b000000, 0x000000070b100000|  0%| F|  |TAMS 0x000000070b000000, 0x000000070b000000| Untracked 
| 139|0x000000070b100000, 0x000000070b100000, 0x000000070b200000|  0%| F|  |TAMS 0x000000070b100000, 0x000000070b100000| Untracked 
| 140|0x000000070b200000, 0x000000070b200000, 0x000000070b300000|  0%| F|  |TAMS 0x000000070b200000, 0x000000070b200000| Untracked 
| 141|0x000000070b300000, 0x000000070b300000, 0x000000070b400000|  0%| F|  |TAMS 0x000000070b300000, 0x000000070b300000| Untracked 
| 142|0x000000070b400000, 0x000000070b400000, 0x000000070b500000|  0%| F|  |TAMS 0x000000070b400000, 0x000000070b400000| Untracked 
| 143|0x000000070b500000, 0x000000070b500000, 0x000000070b600000|  0%| F|  |TAMS 0x000000070b500000, 0x000000070b500000| Untracked 
| 144|0x000000070b600000, 0x000000070b600000, 0x000000070b700000|  0%| F|  |TAMS 0x000000070b600000, 0x000000070b600000| Untracked 
| 145|0x000000070b700000, 0x000000070b700000, 0x000000070b800000|  0%| F|  |TAMS 0x000000070b700000, 0x000000070b700000| Untracked 
| 146|0x000000070b800000, 0x000000070b800000, 0x000000070b900000|  0%| F|  |TAMS 0x000000070b800000, 0x000000070b800000| Untracked 
| 147|0x000000070b900000, 0x000000070b900000, 0x000000070ba00000|  0%| F|  |TAMS 0x000000070b900000, 0x000000070b900000| Untracked 
| 148|0x000000070ba00000, 0x000000070ba00000, 0x000000070bb00000|  0%| F|  |TAMS 0x000000070ba00000, 0x000000070ba00000| Untracked 
| 149|0x000000070bb00000, 0x000000070bb00000, 0x000000070bc00000|  0%| F|  |TAMS 0x000000070bb00000, 0x000000070bb00000| Untracked 
| 150|0x000000070bc00000, 0x000000070bc00000, 0x000000070bd00000|  0%| F|  |TAMS 0x000000070bc00000, 0x000000070bc00000| Untracked 
| 151|0x000000070bd00000, 0x000000070bd00000, 0x000000070be00000|  0%| F|  |TAMS 0x000000070bd00000, 0x000000070bd00000| Untracked 
| 152|0x000000070be00000, 0x000000070be00000, 0x000000070bf00000|  0%| F|  |TAMS 0x000000070be00000, 0x000000070be00000| Untracked 
| 153|0x000000070bf00000, 0x000000070bf00000, 0x000000070c000000|  0%| F|  |TAMS 0x000000070bf00000, 0x000000070bf00000| Untracked 
| 154|0x000000070c000000, 0x000000070c000000, 0x000000070c100000|  0%| F|  |TAMS 0x000000070c000000, 0x000000070c000000| Untracked 
| 155|0x000000070c100000, 0x000000070c100000, 0x000000070c200000|  0%| F|  |TAMS 0x000000070c100000, 0x000000070c100000| Untracked 
| 156|0x000000070c200000, 0x000000070c200000, 0x000000070c300000|  0%| F|  |TAMS 0x000000070c200000, 0x000000070c200000| Untracked 
| 157|0x000000070c300000, 0x000000070c300000, 0x000000070c400000|  0%| F|  |TAMS 0x000000070c300000, 0x000000070c300000| Untracked 
| 158|0x000000070c400000, 0x000000070c400000, 0x000000070c500000|  0%| F|  |TAMS 0x000000070c400000, 0x000000070c400000| Untracked 
| 159|0x000000070c500000, 0x000000070c500000, 0x000000070c600000|  0%| F|  |TAMS 0x000000070c500000, 0x000000070c500000| Untracked 
| 160|0x000000070c600000, 0x000000070c600000, 0x000000070c700000|  0%| F|  |TAMS 0x000000070c600000, 0x000000070c600000| Untracked 
| 161|0x000000070c700000, 0x000000070c700000, 0x000000070c800000|  0%| F|  |TAMS 0x000000070c700000, 0x000000070c700000| Untracked 
| 162|0x000000070c800000, 0x000000070c800000, 0x000000070c900000|  0%| F|  |TAMS 0x000000070c800000, 0x000000070c800000| Untracked 
| 163|0x000000070c900000, 0x000000070c900000, 0x000000070ca00000|  0%| F|  |TAMS 0x000000070c900000, 0x000000070c900000| Untracked 
| 164|0x000000070ca00000, 0x000000070ca00000, 0x000000070cb00000|  0%| F|  |TAMS 0x000000070ca00000, 0x000000070ca00000| Untracked 
| 165|0x000000070cb00000, 0x000000070cb00000, 0x000000070cc00000|  0%| F|  |TAMS 0x000000070cb00000, 0x000000070cb00000| Untracked 
| 166|0x000000070cc00000, 0x000000070cc00000, 0x000000070cd00000|  0%| F|  |TAMS 0x000000070cc00000, 0x000000070cc00000| Untracked 
| 167|0x000000070cd00000, 0x000000070cd00000, 0x000000070ce00000|  0%| F|  |TAMS 0x000000070cd00000, 0x000000070cd00000| Untracked 
| 168|0x000000070ce00000, 0x000000070ce00000, 0x000000070cf00000|  0%| F|  |TAMS 0x000000070ce00000, 0x000000070ce00000| Untracked 
| 169|0x000000070cf00000, 0x000000070cf00000, 0x000000070d000000|  0%| F|  |TAMS 0x000000070cf00000, 0x000000070cf00000| Untracked 
| 170|0x000000070d000000, 0x000000070d000000, 0x000000070d100000|  0%| F|  |TAMS 0x000000070d000000, 0x000000070d000000| Untracked 
| 171|0x000000070d100000, 0x000000070d100000, 0x000000070d200000|  0%| F|  |TAMS 0x000000070d100000, 0x000000070d100000| Untracked 
| 172|0x000000070d200000, 0x000000070d200000, 0x000000070d300000|  0%| F|  |TAMS 0x000000070d200000, 0x000000070d200000| Untracked 
| 173|0x000000070d300000, 0x000000070d300000, 0x000000070d400000|  0%| F|  |TAMS 0x000000070d300000, 0x000000070d300000| Untracked 
| 174|0x000000070d400000, 0x000000070d400000, 0x000000070d500000|  0%| F|  |TAMS 0x000000070d400000, 0x000000070d400000| Untracked 
| 175|0x000000070d500000, 0x000000070d500000, 0x000000070d600000|  0%| F|  |TAMS 0x000000070d500000, 0x000000070d500000| Untracked 
| 176|0x000000070d600000, 0x000000070d600000, 0x000000070d700000|  0%| F|  |TAMS 0x000000070d600000, 0x000000070d600000| Untracked 
| 177|0x000000070d700000, 0x000000070d700000, 0x000000070d800000|  0%| F|  |TAMS 0x000000070d700000, 0x000000070d700000| Untracked 
| 178|0x000000070d800000, 0x000000070d800000, 0x000000070d900000|  0%| F|  |TAMS 0x000000070d800000, 0x000000070d800000| Untracked 
| 179|0x000000070d900000, 0x000000070d900000, 0x000000070da00000|  0%| F|  |TAMS 0x000000070d900000, 0x000000070d900000| Untracked 
| 180|0x000000070da00000, 0x000000070da00000, 0x000000070db00000|  0%| F|  |TAMS 0x000000070da00000, 0x000000070da00000| Untracked 
| 181|0x000000070db00000, 0x000000070db00000, 0x000000070dc00000|  0%| F|  |TAMS 0x000000070db00000, 0x000000070db00000| Untracked 
| 182|0x000000070dc00000, 0x000000070dc00000, 0x000000070dd00000|  0%| F|  |TAMS 0x000000070dc00000, 0x000000070dc00000| Untracked 
| 183|0x000000070dd00000, 0x000000070dd00000, 0x000000070de00000|  0%| F|  |TAMS 0x000000070dd00000, 0x000000070dd00000| Untracked 
| 184|0x000000070de00000, 0x000000070de00000, 0x000000070df00000|  0%| F|  |TAMS 0x000000070de00000, 0x000000070de00000| Untracked 
| 185|0x000000070df00000, 0x000000070df00000, 0x000000070e000000|  0%| F|  |TAMS 0x000000070df00000, 0x000000070df00000| Untracked 
| 186|0x000000070e000000, 0x000000070e000000, 0x000000070e100000|  0%| F|  |TAMS 0x000000070e000000, 0x000000070e000000| Untracked 
| 187|0x000000070e100000, 0x000000070e100000, 0x000000070e200000|  0%| F|  |TAMS 0x000000070e100000, 0x000000070e100000| Untracked 
| 188|0x000000070e200000, 0x000000070e200000, 0x000000070e300000|  0%| F|  |TAMS 0x000000070e200000, 0x000000070e200000| Untracked 
| 189|0x000000070e300000, 0x000000070e300000, 0x000000070e400000|  0%| F|  |TAMS 0x000000070e300000, 0x000000070e300000| Untracked 
| 190|0x000000070e400000, 0x000000070e400000, 0x000000070e500000|  0%| F|  |TAMS 0x000000070e400000, 0x000000070e400000| Untracked 
| 191|0x000000070e500000, 0x000000070e500000, 0x000000070e600000|  0%| F|  |TAMS 0x000000070e500000, 0x000000070e500000| Untracked 
| 192|0x000000070e600000, 0x000000070e600000, 0x000000070e700000|  0%| F|  |TAMS 0x000000070e600000, 0x000000070e600000| Untracked 
| 193|0x000000070e700000, 0x000000070e700000, 0x000000070e800000|  0%| F|  |TAMS 0x000000070e700000, 0x000000070e700000| Untracked 
| 194|0x000000070e800000, 0x000000070e800000, 0x000000070e900000|  0%| F|  |TAMS 0x000000070e800000, 0x000000070e800000| Untracked 
| 195|0x000000070e900000, 0x000000070e900000, 0x000000070ea00000|  0%| F|  |TAMS 0x000000070e900000, 0x000000070e900000| Untracked 
| 196|0x000000070ea00000, 0x000000070ea00000, 0x000000070eb00000|  0%| F|  |TAMS 0x000000070ea00000, 0x000000070ea00000| Untracked 
| 197|0x000000070eb00000, 0x000000070eb00000, 0x000000070ec00000|  0%| F|  |TAMS 0x000000070eb00000, 0x000000070eb00000| Untracked 
| 198|0x000000070ec00000, 0x000000070ec00000, 0x000000070ed00000|  0%| F|  |TAMS 0x000000070ec00000, 0x000000070ec00000| Untracked 
| 199|0x000000070ed00000, 0x000000070ed00000, 0x000000070ee00000|  0%| F|  |TAMS 0x000000070ed00000, 0x000000070ed00000| Untracked 
| 200|0x000000070ee00000, 0x000000070ee00000, 0x000000070ef00000|  0%| F|  |TAMS 0x000000070ee00000, 0x000000070ee00000| Untracked 
| 201|0x000000070ef00000, 0x000000070ef00000, 0x000000070f000000|  0%| F|  |TAMS 0x000000070ef00000, 0x000000070ef00000| Untracked 
| 202|0x000000070f000000, 0x000000070f000000, 0x000000070f100000|  0%| F|  |TAMS 0x000000070f000000, 0x000000070f000000| Untracked 
| 203|0x000000070f100000, 0x000000070f100000, 0x000000070f200000|  0%| F|  |TAMS 0x000000070f100000, 0x000000070f100000| Untracked 
| 204|0x000000070f200000, 0x000000070f200000, 0x000000070f300000|  0%| F|  |TAMS 0x000000070f200000, 0x000000070f200000| Untracked 
| 205|0x000000070f300000, 0x000000070f300000, 0x000000070f400000|  0%| F|  |TAMS 0x000000070f300000, 0x000000070f300000| Untracked 
| 206|0x000000070f400000, 0x000000070f400000, 0x000000070f500000|  0%| F|  |TAMS 0x000000070f400000, 0x000000070f400000| Untracked 
| 207|0x000000070f500000, 0x000000070f500000, 0x000000070f600000|  0%| F|  |TAMS 0x000000070f500000, 0x000000070f500000| Untracked 
| 208|0x000000070f600000, 0x000000070f600000, 0x000000070f700000|  0%| F|  |TAMS 0x000000070f600000, 0x000000070f600000| Untracked 
| 209|0x000000070f700000, 0x000000070f700000, 0x000000070f800000|  0%| F|  |TAMS 0x000000070f700000, 0x000000070f700000| Untracked 
| 210|0x000000070f800000, 0x000000070f800000, 0x000000070f900000|  0%| F|  |TAMS 0x000000070f800000, 0x000000070f800000| Untracked 
| 211|0x000000070f900000, 0x000000070f900000, 0x000000070fa00000|  0%| F|  |TAMS 0x000000070f900000, 0x000000070f900000| Untracked 
| 212|0x000000070fa00000, 0x000000070fa00000, 0x000000070fb00000|  0%| F|  |TAMS 0x000000070fa00000, 0x000000070fa00000| Untracked 
| 213|0x000000070fb00000, 0x000000070fb00000, 0x000000070fc00000|  0%| F|  |TAMS 0x000000070fb00000, 0x000000070fb00000| Untracked 
| 214|0x000000070fc00000, 0x000000070fc00000, 0x000000070fd00000|  0%| F|  |TAMS 0x000000070fc00000, 0x000000070fc00000| Untracked 
| 215|0x000000070fd00000, 0x000000070fd00000, 0x000000070fe00000|  0%| F|  |TAMS 0x000000070fd00000, 0x000000070fd00000| Untracked 
| 216|0x000000070fe00000, 0x000000070fe00000, 0x000000070ff00000|  0%| F|  |TAMS 0x000000070fe00000, 0x000000070fe00000| Untracked 
| 217|0x000000070ff00000, 0x000000070ff00000, 0x0000000710000000|  0%| F|  |TAMS 0x000000070ff00000, 0x000000070ff00000| Untracked 
| 218|0x0000000710000000, 0x0000000710000000, 0x0000000710100000|  0%| F|  |TAMS 0x0000000710000000, 0x0000000710000000| Untracked 
| 219|0x0000000710100000, 0x0000000710100000, 0x0000000710200000|  0%| F|  |TAMS 0x0000000710100000, 0x0000000710100000| Untracked 
| 220|0x0000000710200000, 0x0000000710200000, 0x0000000710300000|  0%| F|  |TAMS 0x0000000710200000, 0x0000000710200000| Untracked 
| 221|0x0000000710300000, 0x0000000710300000, 0x0000000710400000|  0%| F|  |TAMS 0x0000000710300000, 0x0000000710300000| Untracked 
| 222|0x0000000710400000, 0x0000000710400000, 0x0000000710500000|  0%| F|  |TAMS 0x0000000710400000, 0x0000000710400000| Untracked 
| 223|0x0000000710500000, 0x0000000710500000, 0x0000000710600000|  0%| F|  |TAMS 0x0000000710500000, 0x0000000710500000| Untracked 
| 224|0x0000000710600000, 0x0000000710600000, 0x0000000710700000|  0%| F|  |TAMS 0x0000000710600000, 0x0000000710600000| Untracked 
| 225|0x0000000710700000, 0x0000000710700000, 0x0000000710800000|  0%| F|  |TAMS 0x0000000710700000, 0x0000000710700000| Untracked 
| 226|0x0000000710800000, 0x0000000710800000, 0x0000000710900000|  0%| F|  |TAMS 0x0000000710800000, 0x0000000710800000| Untracked 
| 227|0x0000000710900000, 0x0000000710900000, 0x0000000710a00000|  0%| F|  |TAMS 0x0000000710900000, 0x0000000710900000| Untracked 
| 228|0x0000000710a00000, 0x0000000710a00000, 0x0000000710b00000|  0%| F|  |TAMS 0x0000000710a00000, 0x0000000710a00000| Untracked 
| 229|0x0000000710b00000, 0x0000000710b00000, 0x0000000710c00000|  0%| F|  |TAMS 0x0000000710b00000, 0x0000000710b00000| Untracked 
| 230|0x0000000710c00000, 0x0000000710c00000, 0x0000000710d00000|  0%| F|  |TAMS 0x0000000710c00000, 0x0000000710c00000| Untracked 
| 231|0x0000000710d00000, 0x0000000710d00000, 0x0000000710e00000|  0%| F|  |TAMS 0x0000000710d00000, 0x0000000710d00000| Untracked 
| 232|0x0000000710e00000, 0x0000000710e00000, 0x0000000710f00000|  0%| F|  |TAMS 0x0000000710e00000, 0x0000000710e00000| Untracked 
| 233|0x0000000710f00000, 0x0000000710f00000, 0x0000000711000000|  0%| F|  |TAMS 0x0000000710f00000, 0x0000000710f00000| Untracked 
| 234|0x0000000711000000, 0x0000000711000000, 0x0000000711100000|  0%| F|  |TAMS 0x0000000711000000, 0x0000000711000000| Untracked 
| 235|0x0000000711100000, 0x0000000711100000, 0x0000000711200000|  0%| F|  |TAMS 0x0000000711100000, 0x0000000711100000| Untracked 
| 236|0x0000000711200000, 0x0000000711200000, 0x0000000711300000|  0%| F|  |TAMS 0x0000000711200000, 0x0000000711200000| Untracked 
| 237|0x0000000711300000, 0x0000000711300000, 0x0000000711400000|  0%| F|  |TAMS 0x0000000711300000, 0x0000000711300000| Untracked 
| 238|0x0000000711400000, 0x0000000711400000, 0x0000000711500000|  0%| F|  |TAMS 0x0000000711400000, 0x0000000711400000| Untracked 
| 239|0x0000000711500000, 0x0000000711500000, 0x0000000711600000|  0%| F|  |TAMS 0x0000000711500000, 0x0000000711500000| Untracked 
| 240|0x0000000711600000, 0x0000000711600000, 0x0000000711700000|  0%| F|  |TAMS 0x0000000711600000, 0x0000000711600000| Untracked 
| 241|0x0000000711700000, 0x0000000711700000, 0x0000000711800000|  0%| F|  |TAMS 0x0000000711700000, 0x0000000711700000| Untracked 
| 242|0x0000000711800000, 0x0000000711800000, 0x0000000711900000|  0%| F|  |TAMS 0x0000000711800000, 0x0000000711800000| Untracked 
| 243|0x0000000711900000, 0x0000000711900000, 0x0000000711a00000|  0%| F|  |TAMS 0x0000000711900000, 0x0000000711900000| Untracked 
| 244|0x0000000711a00000, 0x0000000711a00000, 0x0000000711b00000|  0%| F|  |TAMS 0x0000000711a00000, 0x0000000711a00000| Untracked 
| 245|0x0000000711b00000, 0x0000000711b00000, 0x0000000711c00000|  0%| F|  |TAMS 0x0000000711b00000, 0x0000000711b00000| Untracked 
| 246|0x0000000711c00000, 0x0000000711c80800, 0x0000000711d00000| 50%| E|  |TAMS 0x0000000711c00000, 0x0000000711c00000| Complete 
| 247|0x0000000711d00000, 0x0000000711e00000, 0x0000000711e00000|100%| E|CS|TAMS 0x0000000711d00000, 0x0000000711d00000| Complete 
| 248|0x0000000711e00000, 0x0000000711f00000, 0x0000000711f00000|100%| E|CS|TAMS 0x0000000711e00000, 0x0000000711e00000| Complete 
| 249|0x0000000711f00000, 0x0000000712000000, 0x0000000712000000|100%| E|CS|TAMS 0x0000000711f00000, 0x0000000711f00000| Complete 
| 250|0x0000000712000000, 0x0000000712100000, 0x0000000712100000|100%| E|CS|TAMS 0x0000000712000000, 0x0000000712000000| Complete 
| 251|0x0000000712100000, 0x0000000712200000, 0x0000000712200000|100%| E|CS|TAMS 0x0000000712100000, 0x0000000712100000| Complete 
| 252|0x0000000712200000, 0x0000000712300000, 0x0000000712300000|100%| E|CS|TAMS 0x0000000712200000, 0x0000000712200000| Complete 
| 253|0x0000000712300000, 0x0000000712400000, 0x0000000712400000|100%| E|CS|TAMS 0x0000000712300000, 0x0000000712300000| Complete 

Card table byte_map: [0x0000018376220000,0x0000018376a10000] _byte_map_base: 0x0000018372a0d000

Marking Bits (Prev, Next): (CMBitMap*) 0x000001836aeefb30, (CMBitMap*) 0x000001836aeefaf8
 Prev Bits: [0x000001837b170000, 0x000001837f0d8000)
 Next Bits: [0x0000018377200000, 0x000001837b168000)

Polling page: 0x000001836aba0000

Metaspace:

Usage:
  Non-class:     58.74 MB capacity,    57.58 MB ( 98%) used,   949.35 KB (  2%) free+waste,   239.63 KB ( <1%) overhead. 
      Class:      8.98 MB capacity,     8.24 MB ( 92%) used,   640.20 KB (  7%) free+waste,   111.81 KB (  1%) overhead. 
       Both:     67.71 MB capacity,    65.82 MB ( 97%) used,     1.55 MB (  2%) free+waste,   351.44 KB ( <1%) overhead. 

Virtual space:
  Non-class space:       60.00 MB reserved,      58.83 MB ( 98%) committed 
      Class space:        1.00 GB reserved,       9.00 MB ( <1%) committed 
             Both:        1.06 GB reserved,      67.83 MB (  6%) committed 

Chunk freelists:
   Non-Class:  29.00 KB
       Class:  25.00 KB
        Both:  54.00 KB

MaxMetaspaceSize: 17179869184.00 GB
CompressedClassSpaceSize: 1.00 GB
Initial GC threshold: 20.80 MB
Current GC threshold: 98.46 MB
CDS: off

CodeHeap 'non-profiled nmethods': size=120000Kb used=4055Kb max_used=4055Kb free=115944Kb
 bounds [0x0000018307ad0000, 0x0000018307ed0000, 0x000001830f000000]
CodeHeap 'profiled nmethods': size=120000Kb used=12368Kb max_used=12368Kb free=107632Kb
 bounds [0x00000183005a0000, 0x00000183011c0000, 0x0000018307ad0000]
CodeHeap 'non-nmethods': size=5760Kb used=1400Kb max_used=1504Kb free=4359Kb
 bounds [0x0000018300000000, 0x0000018300270000, 0x00000183005a0000]
 total_blobs=5753 nmethods=5128 adapters=545
 compilation: enabled
              stopped_count=0, restarted_count=0
 full_count=0

Compilation events (20 events):
Event: 10.080 Thread 0x00000183118f6000 nmethod 5124 0x0000018307ebf090 code [0x0000018307ebf220, 0x0000018307ebf298]
Event: 10.082 Thread 0x00000183118fb800 5125       3       com.sun.crypto.provider.AESCrypt::isKeySizeValid (29 bytes)
Event: 10.082 Thread 0x00000183118fb800 nmethod 5125 0x00000183011b0510 code [0x00000183011b06e0, 0x00000183011b08f8]
Event: 10.082 Thread 0x00000183118fb800 5126       3       java.nio.HeapByteBuffer::<init> (29 bytes)
Event: 10.083 Thread 0x00000183118fb800 nmethod 5126 0x00000183011b0a10 code [0x00000183011b0bc0, 0x00000183011b0d68]
Event: 10.083 Thread 0x00000183118fb800 5127  s    3       java.io.BufferedOutputStream::write (67 bytes)
Event: 10.083 Thread 0x00000183118fb800 nmethod 5127 0x00000183011b0e10 code [0x00000183011b1020, 0x00000183011b1878]
Event: 10.083 Thread 0x00000183118fb800 5128       3       sun.reflect.annotation.AnnotationInvocationHandler::hashCodeImpl (69 bytes)
Event: 10.083 Thread 0x00000183118fb800 nmethod 5128 0x00000183011b1a90 code [0x00000183011b1ce0, 0x00000183011b25f8]
Event: 10.089 Thread 0x0000018312a6f800 nmethod 5118 0x0000018307ebf390 code [0x0000018307ebf5e0, 0x0000018307ec1520]
Event: 10.095 Thread 0x00000183118fb800 5129   !   3       com.sun.proxy.$Proxy15::annotationType (29 bytes)
Event: 10.095 Thread 0x00000183118fb800 nmethod 5129 0x00000183011b2890 code [0x00000183011b2a80, 0x00000183011b2ef8]
Event: 10.096 Thread 0x0000018312a6f800 5133 %     4       sun.security.provider.SHA2::implCompress0 @ 196 (466 bytes)
Event: 10.096 Thread 0x00000183118fb800 5130       3       java.security.MessageDigest::update (11 bytes)
Event: 10.096 Thread 0x00000183118fb800 nmethod 5130 0x00000183011b3110 code [0x00000183011b32c0, 0x00000183011b34a8]
Event: 10.096 Thread 0x00000183118fb800 5131       3       java.security.MessageDigest$Delegate::engineUpdate (9 bytes)
Event: 10.096 Thread 0x00000183118fb800 nmethod 5131 0x00000183011b3590 code [0x00000183011b3740, 0x00000183011b3928]
Event: 10.096 Thread 0x00000183118fb800 5132       3       sun.security.provider.DigestBase::engineUpdate (32 bytes)
Event: 10.096 Thread 0x00000183118fb800 nmethod 5132 0x00000183011b3a10 code [0x00000183011b3be0, 0x00000183011b3ea8]
Event: 10.105 Thread 0x0000018312a6f800 nmethod 5133% 0x0000018307ec2510 code [0x0000018307ec26c0, 0x0000018307ec3078]

GC Heap History (16 events):
Event: 0.733 GC heap before
{Heap before GC invocations=0 (full 0):
 garbage-first heap   total 260096K, used 24576K [0x0000000702600000, 0x0000000800000000)
  region size 1024K, 24 young (24576K), 0 survivors (0K)
 Metaspace       used 12062K, capacity 12302K, committed 12544K, reserved 1060864K
  class space    used 1137K, capacity 1226K, committed 1280K, reserved 1048576K
}
Event: 0.737 GC heap after
{Heap after GC invocations=1 (full 0):
 garbage-first heap   total 260096K, used 7865K [0x0000000702600000, 0x0000000800000000)
  region size 1024K, 3 young (3072K), 3 survivors (3072K)
 Metaspace       used 12062K, capacity 12302K, committed 12544K, reserved 1060864K
  class space    used 1137K, capacity 1226K, committed 1280K, reserved 1048576K
}
Event: 1.810 GC heap before
{Heap before GC invocations=1 (full 0):
 garbage-first heap   total 260096K, used 60089K [0x0000000702600000, 0x0000000800000000)
  region size 1024K, 55 young (56320K), 3 survivors (3072K)
 Metaspace       used 20646K, capacity 21082K, committed 21296K, reserved 1069056K
  class space    used 2130K, capacity 2306K, committed 2432K, reserved 1048576K
}
Event: 1.816 GC heap after
{Heap after GC invocations=2 (full 0):
 garbage-first heap   total 260096K, used 9808K [0x0000000702600000, 0x0000000800000000)
  region size 1024K, 5 young (5120K), 5 survivors (5120K)
 Metaspace       used 20646K, capacity 21082K, committed 21296K, reserved 1069056K
  class space    used 2130K, capacity 2306K, committed 2432K, reserved 1048576K
}
Event: 2.516 GC heap before
{Heap before GC invocations=3 (full 0):
 garbage-first heap   total 260096K, used 66128K [0x0000000702600000, 0x0000000800000000)
  region size 1024K, 61 young (62464K), 5 survivors (5120K)
 Metaspace       used 29534K, capacity 30315K, committed 30384K, reserved 1077248K
  class space    used 3261K, capacity 3577K, committed 3584K, reserved 1048576K
}
Event: 2.524 GC heap after
{Heap after GC invocations=4 (full 0):
 garbage-first heap   total 260096K, used 11680K [0x0000000702600000, 0x0000000800000000)
  region size 1024K, 4 young (4096K), 4 survivors (4096K)
 Metaspace       used 29534K, capacity 30315K, committed 30384K, reserved 1077248K
  class space    used 3261K, capacity 3577K, committed 3584K, reserved 1048576K
}
Event: 3.424 GC heap before
{Heap before GC invocations=4 (full 0):
 garbage-first heap   total 260096K, used 90528K [0x0000000702600000, 0x0000000800000000)
  region size 1024K, 81 young (82944K), 4 survivors (4096K)
 Metaspace       used 34326K, capacity 35333K, committed 35504K, reserved 1081344K
  class space    used 3864K, capacity 4258K, committed 4352K, reserved 1048576K
}
Event: 3.429 GC heap after
{Heap after GC invocations=5 (full 0):
 garbage-first heap   total 260096K, used 14213K [0x0000000702600000, 0x0000000800000000)
  region size 1024K, 7 young (7168K), 7 survivors (7168K)
 Metaspace       used 34326K, capacity 35333K, committed 35504K, reserved 1081344K
  class space    used 3864K, capacity 4258K, committed 4352K, reserved 1048576K
}
Event: 3.488 GC heap before
{Heap before GC invocations=5 (full 0):
 garbage-first heap   total 260096K, used 20357K [0x0000000702600000, 0x0000000800000000)
  region size 1024K, 14 young (14336K), 7 survivors (7168K)
 Metaspace       used 34912K, capacity 35854K, committed 35920K, reserved 1081344K
  class space    used 3945K, capacity 4324K, committed 4352K, reserved 1048576K
}
Event: 3.493 GC heap after
{Heap after GC invocations=6 (full 0):
 garbage-first heap   total 260096K, used 14572K [0x0000000702600000, 0x0000000800000000)
  region size 1024K, 7 young (7168K), 7 survivors (7168K)
 Metaspace       used 34912K, capacity 35854K, committed 35920K, reserved 1081344K
  class space    used 3945K, capacity 4324K, committed 4352K, reserved 1048576K
}
Event: 5.099 GC heap before
{Heap before GC invocations=7 (full 0):
 garbage-first heap   total 260096K, used 133356K [0x0000000702600000, 0x0000000800000000)
  region size 1024K, 123 young (125952K), 7 survivors (7168K)
 Metaspace       used 49239K, capacity 50577K, committed 50640K, reserved 1093632K
  class space    used 5780K, capacity 6272K, committed 6272K, reserved 1048576K
}
Event: 5.108 GC heap after
{Heap after GC invocations=8 (full 0):
 garbage-first heap   total 260096K, used 20403K [0x0000000702600000, 0x0000000800000000)
  region size 1024K, 13 young (13312K), 13 survivors (13312K)
 Metaspace       used 49239K, capacity 50577K, committed 50640K, reserved 1093632K
  class space    used 5780K, capacity 6272K, committed 6272K, reserved 1048576K
}
Event: 6.047 GC heap before
{Heap before GC invocations=8 (full 0):
 garbage-first heap   total 260096K, used 109491K [0x0000000702600000, 0x0000000800000000)
  region size 1024K, 101 young (103424K), 13 survivors (13312K)
 Metaspace       used 58685K, capacity 60086K, committed 60240K, reserved 1101824K
  class space    used 7296K, capacity 7839K, committed 7936K, reserved 1048576K
}
Event: 6.064 GC heap after
{Heap after GC invocations=9 (full 0):
 garbage-first heap   total 260096K, used 22463K [0x0000000702600000, 0x0000000800000000)
  region size 1024K, 11 young (11264K), 11 survivors (11264K)
 Metaspace       used 58685K, capacity 60086K, committed 60240K, reserved 1101824K
  class space    used 7296K, capacity 7839K, committed 7936K, reserved 1048576K
}
Event: 10.017 GC heap before
{Heap before GC invocations=10 (full 0):
 garbage-first heap   total 260096K, used 166847K [0x0000000702600000, 0x0000000800000000)
  region size 1024K, 152 young (155648K), 11 survivors (11264K)
 Metaspace       used 66245K, capacity 68069K, committed 68304K, reserved 1107968K
  class space    used 8289K, capacity 8999K, committed 9088K, reserved 1048576K
}
Event: 10.028 GC heap after
{Heap after GC invocations=11 (full 0):
 garbage-first heap   total 260096K, used 27111K [0x0000000702600000, 0x0000000800000000)
  region size 1024K, 14 young (14336K), 14 survivors (14336K)
 Metaspace       used 66245K, capacity 68069K, committed 68304K, reserved 1107968K
  class space    used 8289K, capacity 8999K, committed 9088K, reserved 1048576K
}

Deoptimization events (20 events):
Event: 10.055 Thread 0x000001836ae89800 DEOPT PACKING pc=0x0000018307d782f4 sp=0x00000002e51fa800
Event: 10.055 Thread 0x000001836ae89800 DEOPT UNPACKING pc=0x000001830004a95e sp=0x00000002e51f9c90 mode 1
Event: 10.055 Thread 0x000001836ae89800 DEOPT PACKING pc=0x0000018307d782f4 sp=0x00000002e51fa800
Event: 10.055 Thread 0x000001836ae89800 DEOPT UNPACKING pc=0x000001830004a95e sp=0x00000002e51f9c90 mode 1
Event: 10.071 Thread 0x000001836ae89800 DEOPT PACKING pc=0x0000018307d782f4 sp=0x00000002e51fa600
Event: 10.071 Thread 0x000001836ae89800 DEOPT UNPACKING pc=0x000001830004a95e sp=0x00000002e51f9a90 mode 1
Event: 10.071 Thread 0x000001836ae89800 DEOPT PACKING pc=0x0000018307d782f4 sp=0x00000002e51fa600
Event: 10.071 Thread 0x000001836ae89800 DEOPT UNPACKING pc=0x000001830004a95e sp=0x00000002e51f9a90 mode 1
Event: 125.204 Thread 0x0000018311bfa800 Uncommon trap: trap_request=0xffffff4d fr.pc=0x0000018307cf2dd0 relative=0x0000000000000c90
Event: 125.204 Thread 0x0000018311bfa800 Uncommon trap: reason=unstable_if action=reinterpret pc=0x0000018307cf2dd0 method=sun.instrument.InstrumentationImpl.transform(Ljava/lang/Module;Ljava/lang/ClassLoader;Ljava/lang/String;Ljava/lang/Class;Ljava/security/ProtectionDomain;[BZ)[B @ 24 c2
Event: 125.204 Thread 0x0000018311bfa800 DEOPT PACKING pc=0x0000018307cf2dd0 sp=0x00000002e62fe790
Event: 125.204 Thread 0x0000018311bfa800 DEOPT UNPACKING pc=0x000001830004a1af sp=0x00000002e62fe838 mode 2
Event: 125.204 Thread 0x0000018311bfa800 Uncommon trap: trap_request=0xffffff7e fr.pc=0x0000018307cf0370 relative=0x0000000000000a30
Event: 125.204 Thread 0x0000018311bfa800 Uncommon trap: reason=predicate action=maybe_recompile pc=0x0000018307cf0370 method=sun.instrument.TransformerManager.transform(Ljava/lang/Module;Ljava/lang/ClassLoader;Ljava/lang/String;Ljava/lang/Class;Ljava/security/ProtectionDomain;[B)[B @ 21 c2
Event: 125.204 Thread 0x0000018311bfa800 DEOPT PACKING pc=0x0000018307cf0370 sp=0x00000002e62fe700
Event: 125.204 Thread 0x0000018311bfa800 DEOPT UNPACKING pc=0x000001830004a1af sp=0x00000002e62fe748 mode 2
Event: 125.204 Thread 0x0000018311bfa800 Uncommon trap: trap_request=0xffffff4d fr.pc=0x0000018307ceebe0 relative=0x0000000000000920
Event: 125.204 Thread 0x0000018311bfa800 Uncommon trap: reason=unstable_if action=reinterpret pc=0x0000018307ceebe0 method=com.intellij.rt.debugger.agent.CaptureAgent$CaptureTransformer.transform(Ljava/lang/ClassLoader;Ljava/lang/String;Ljava/lang/Class;Ljava/security/ProtectionDomain;[B)[B @ 5 
Event: 125.204 Thread 0x0000018311bfa800 DEOPT PACKING pc=0x0000018307ceebe0 sp=0x00000002e62fe680
Event: 125.204 Thread 0x0000018311bfa800 DEOPT UNPACKING pc=0x000001830004a1af sp=0x00000002e62fe5e8 mode 2

Classes redefined (17 events):
Event: 125.262 Thread 0x000001837fe7b000 redefined class name=velykyi.vladyslav.DemoTestNJ.exception.resolver.ResponseStatusExceptionResolver, count=1
Event: 125.287 Thread 0x000001837fe7b000 redefined class name=velykyi.vladyslav.DemoTestNJ.service.impl.ServiceValidator, count=1
Event: 125.309 Thread 0x000001837fe7b000 redefined class name=velykyi.vladyslav.DemoTestNJ.service.UserService, count=1
Event: 125.331 Thread 0x000001837fe7b000 redefined class name=velykyi.vladyslav.DemoTestNJ.service.impl.UserServiceImpl, count=1
Event: 125.357 Thread 0x000001837fe7b000 redefined class name=velykyi.vladyslav.DemoTestNJ.utils.UserModelBuilder, count=1
Event: 125.381 Thread 0x000001837fe7b000 redefined class name=velykyi.vladyslav.DemoTestNJ.service.mapper.UserMapper, count=1
Event: 125.414 Thread 0x000001837fe7b000 redefined class name=velykyi.vladyslav.DemoTestNJ.model.UserModel, count=1
Event: 125.446 Thread 0x000001837fe7b000 redefined class name=velykyi.vladyslav.DemoTestNJ.service.UserServiceTest, count=1
Event: 125.482 Thread 0x000001837fe7b000 redefined class name=velykyi.vladyslav.DemoTestNJ.repository.UserRepository, count=1
Event: 125.515 Thread 0x000001837fe7b000 redefined class name=velykyi.vladyslav.DemoTestNJ.exception.ServiceException, count=1
Event: 125.548 Thread 0x000001837fe7b000 redefined class name=velykyi.vladyslav.DemoTestNJ.exception.EmailNotAllowedException, count=2
Event: 125.580 Thread 0x000001837fe7b000 redefined class name=velykyi.vladyslav.DemoTestNJ.DemoTestNjApplication, count=1
Event: 125.613 Thread 0x000001837fe7b000 redefined class name=velykyi.vladyslav.DemoTestNJ.dao.UserDao, count=1
Event: 125.644 Thread 0x000001837fe7b000 redefined class name=velykyi.vladyslav.DemoTestNJ.comtroller.UserController, count=1
Event: 299.531 Thread 0x000001837fe7b000 redefined class name=velykyi.vladyslav.DemoTestNJ.utils.UserModelBuilder, count=2
Event: 559.265 Thread 0x000001837fe7b000 redefined class name=velykyi.vladyslav.DemoTestNJ.service.UserServiceTest, count=2
Event: 935.491 Thread 0x000001837fe7b000 redefined class name=velykyi.vladyslav.DemoTestNJ.service.UserServiceTest, count=3

Internal exceptions (20 events):
Event: 7.573 Thread 0x000001836ae89800 Exception <a 'java/lang/ClassNotFoundException'{0x00000007095632b8}: org/springframework/web/context/ServletContextAwareCustomizer> (0x00000007095632b8) thrown at [./src/hotspot/share/classfile/systemDictionary.cpp, line 230]
Event: 7.573 Thread 0x000001836ae89800 Exception <a 'java/lang/ClassNotFoundException'{0x0000000709576670}: org/springframework/beans/factory/AwareCustomizer> (0x0000000709576670) thrown at [./src/hotspot/share/classfile/systemDictionary.cpp, line 230]
Event: 7.573 Thread 0x000001836ae89800 Exception <a 'java/lang/ClassNotFoundException'{0x000000070958b050}: org/springframework/beans/factory/InitializingBeanCustomizer> (0x000000070958b050) thrown at [./src/hotspot/share/classfile/systemDictionary.cpp, line 230]
Event: 7.574 Thread 0x000001836ae89800 Exception <a 'java/lang/ClassNotFoundException'{0x000000070959f938}: org/springframework/beans/factory/DisposableBeanCustomizer> (0x000000070959f938) thrown at [./src/hotspot/share/classfile/systemDictionary.cpp, line 230]
Event: 7.577 Thread 0x000001836ae89800 Exception <a 'java/lang/ClassNotFoundException'{0x00000007095c8328}: java/lang/ObjectCustomizer> (0x00000007095c8328) thrown at [./src/hotspot/share/classfile/systemDictionary.cpp, line 230]
Event: 7.578 Thread 0x000001836ae89800 Exception <a 'java/lang/ClassNotFoundException'{0x00000007095e3b38}: org/springframework/web/multipart/support/StandardServletMultipartResolverCustomizer> (0x00000007095e3b38) thrown at [./src/hotspot/share/classfile/systemDictionary.cpp, line 230]
Event: 7.578 Thread 0x000001836ae89800 Exception <a 'java/lang/ClassNotFoundException'{0x00000007095fe870}: org/springframework/web/multipart/MultipartResolverCustomizer> (0x00000007095fe870) thrown at [./src/hotspot/share/classfile/systemDictionary.cpp, line 230]
Event: 7.616 Thread 0x000001836ae89800 Exception <a 'java/lang/ClassNotFoundException'{0x00000007093f8a68}: java/lang/ObjectCustomizer> (0x00000007093f8a68) thrown at [./src/hotspot/share/classfile/systemDictionary.cpp, line 230]
Event: 7.616 Thread 0x000001836ae89800 Exception <a 'java/lang/ClassNotFoundException'{0x0000000709213e68}: org/springframework/test/context/testng/AbstractTestNGSpringContextTestsCustomizer> (0x0000000709213e68) thrown at [./src/hotspot/share/classfile/systemDictionary.cpp, line 230]
Event: 7.617 Thread 0x000001836ae89800 Exception <a 'java/lang/ClassNotFoundException'{0x000000070922be48}: velykyi/vladyslav/DemoTestNJ/service/UserServiceTestCustomizer> (0x000000070922be48) thrown at [./src/hotspot/share/classfile/systemDictionary.cpp, line 230]
Event: 7.618 Thread 0x000001836ae89800 Exception <a 'java/lang/ClassNotFoundException'{0x000000070923d7b0}: org/testng/IHookableCustomizer> (0x000000070923d7b0) thrown at [./src/hotspot/share/classfile/systemDictionary.cpp, line 230]
Event: 7.619 Thread 0x000001836ae89800 Exception <a 'java/lang/ClassNotFoundException'{0x000000070924e278}: org/testng/ITestNGListenerCustomizer> (0x000000070924e278) thrown at [./src/hotspot/share/classfile/systemDictionary.cpp, line 230]
Event: 7.619 Thread 0x000001836ae89800 Exception <a 'java/lang/ClassNotFoundException'{0x0000000709262680}: org/springframework/context/ApplicationContextAwareCustomizer> (0x0000000709262680) thrown at [./src/hotspot/share/classfile/systemDictionary.cpp, line 230]
Event: 7.620 Thread 0x000001836ae89800 Exception <a 'java/lang/ClassNotFoundException'{0x0000000709275a08}: org/springframework/beans/factory/AwareCustomizer> (0x0000000709275a08) thrown at [./src/hotspot/share/classfile/systemDictionary.cpp, line 230]
Event: 9.978 Thread 0x000001836ae89800 Exception <a 'java/lang/ClassNotFoundException'{0x0000000708f556f8}: java/lang/ObjectCustomizer> (0x0000000708f556f8) thrown at [./src/hotspot/share/classfile/systemDictionary.cpp, line 230]
Event: 9.978 Thread 0x000001836ae89800 Exception <a 'java/lang/ClassNotFoundException'{0x0000000708f6b698}: velykyi/vladyslav/DemoTestNJ/dao/UserDaoCustomizer> (0x0000000708f6b698) thrown at [./src/hotspot/share/classfile/systemDictionary.cpp, line 230]
Event: 22.565 Thread 0x000001836ae89800 Exception <a 'java/lang/NoSuchMethodError'{0x0000000711dbd700}: 'java.lang.Object java.lang.invoke.DirectMethodHandle$Holder.invokeSpecial(java.lang.Object, java.lang.Object, int, int, long, java.lang.Object, java.lang.Object, java.lang.Object)'> (0x0000000711dbd700) thrown at [./src/hotspot/share/interpreter/linkResolver.cpp, line 773]
Event: 22.566 Thread 0x000001836ae89800 Exception <a 'java/lang/NoSuchMethodError'{0x0000000711dc0d40}: 'java.lang.Object java.lang.invoke.DelegatingMethodHandle$Holder.reinvoke_L(java.lang.Object, int, int, long, java.lang.Object, java.lang.Object, java.lang.Object)'> (0x0000000711dc0d40) thrown at [./src/hotspot/share/interpreter/linkResolver.cpp, line 773]
Event: 22.596 Thread 0x000001836ae89800 Exception <a 'java/lang/NoSuchMethodError'{0x0000000711c0b678}: 'java.lang.Object java.lang.invoke.DirectMethodHandle$Holder.invokeStatic(java.lang.Object, java.lang.Object, java.lang.Object, java.lang.Object, java.lang.Object, java.lang.Object, java.lang.Object, java.lang.Object, java.lang.Object, java.lang.Object, int, int, java.lang.Object, java.lang.Object)'> (0x0000000711c0b678) thrown at [./src/hotspot/share/interpreter/linkResolver.cpp, line 773]
Event: 22.610 Thread 0x000001836ae89800 Exception <a 'java/lang/NoSuchMethodError'{0x0000000711c2cd08}: 'java.lang.Object java.lang.invoke.DirectMethodHandle$Holder.invokeStatic(java.lang.Object, java.lang.Object, java.lang.Object, java.lang.Object, java.lang.Object, java.lang.Object, java.lang.Object, java.lang.Object, java.lang.Object, java.lang.Object, int, int, java.lang.Object, java.lang.Object, java.lang.Object)'> (0x0000000711c2cd08) thrown at [./src/hotspot/share/interpreter/linkResolver.cpp, line 773]

Events (20 events):
Event: 935.502 Executing VM operation: GetStackTrace done
Event: 935.536 Executing VM operation: ChangeBreakpoints
Event: 935.540 Executing VM operation: ChangeBreakpoints done
Event: 935.562 Executing VM operation: ChangeBreakpoints
Event: 935.565 Executing VM operation: ChangeBreakpoints done
Event: 935.568 Executing VM operation: ChangeBreakpoints
Event: 935.572 Executing VM operation: ChangeBreakpoints done
Event: 935.573 Executing VM operation: ChangeBreakpoints
Event: 935.575 Executing VM operation: ChangeBreakpoints done
Event: 935.576 Executing VM operation: ChangeBreakpoints
Event: 935.579 Executing VM operation: ChangeBreakpoints done
Event: 935.580 Executing VM operation: ChangeBreakpoints
Event: 935.584 Executing VM operation: ChangeBreakpoints done
Event: 935.595 Executing VM operation: GetFrameCount
Event: 935.595 Executing VM operation: GetFrameCount done
Event: 935.595 Executing VM operation: GetStackTrace
Event: 935.595 Executing VM operation: GetStackTrace done
Event: 935.694 Executing VM operation: GetFrameLocation
Event: 935.694 Executing VM operation: GetFrameLocation done
Event: 935.695 Executing VM operation: GetOrSetLocal


Dynamic libraries:
0x00007ff7ea7f0000 - 0x00007ff7ea7fd000 	C:\Users\vlady\.jdks\corretto-11.0.14.1\bin\java.exe
0x00007ffaa03b0000 - 0x00007ffaa05a5000 	C:\Windows\SYSTEM32\ntdll.dll
0x00007ffa9e550000 - 0x00007ffa9e60e000 	C:\Windows\System32\KERNEL32.DLL
0x00007ffa9dad0000 - 0x00007ffa9dd98000 	C:\Windows\System32\KERNELBASE.dll
0x00007ffa9df20000 - 0x00007ffa9e020000 	C:\Windows\System32\ucrtbase.dll
0x00007ffa79e10000 - 0x00007ffa79e29000 	C:\Users\vlady\.jdks\corretto-11.0.14.1\bin\VCRUNTIME140.dll
0x00007ffa98550000 - 0x00007ffa98567000 	C:\Users\vlady\.jdks\corretto-11.0.14.1\bin\jli.dll
0x00007ffa9e850000 - 0x00007ffa9e9f0000 	C:\Windows\System32\USER32.dll
0x00007ffa81050000 - 0x00007ffa812ea000 	C:\Windows\WinSxS\amd64_microsoft.windows.common-controls_6595b64144ccf1df_6.0.19041.1110_none_60b5254171f9507e\COMCTL32.dll
0x00007ffa9e0f0000 - 0x00007ffa9e112000 	C:\Windows\System32\win32u.dll
0x00007ffa9e7b0000 - 0x00007ffa9e84e000 	C:\Windows\System32\msvcrt.dll
0x00007ffa9eb10000 - 0x00007ffa9eb3a000 	C:\Windows\System32\GDI32.dll
0x00007ffa9de10000 - 0x00007ffa9df1b000 	C:\Windows\System32\gdi32full.dll
0x00007ffa9e020000 - 0x00007ffa9e0bd000 	C:\Windows\System32\msvcp_win.dll
0x00007ffaa02e0000 - 0x00007ffaa0310000 	C:\Windows\System32\IMM32.DLL
0x00007ffa72210000 - 0x00007ffa722ab000 	C:\Users\vlady\.jdks\corretto-11.0.14.1\bin\msvcp140.dll
0x00007ffa35330000 - 0x00007ffa35eb3000 	C:\Users\vlady\.jdks\corretto-11.0.14.1\bin\server\jvm.dll
0x00007ffa9ed10000 - 0x00007ffa9edbe000 	C:\Windows\System32\ADVAPI32.dll
0x00007ffa9ec70000 - 0x00007ffa9ed0c000 	C:\Windows\System32\sechost.dll
0x00007ffa9e420000 - 0x00007ffa9e545000 	C:\Windows\System32\RPCRT4.dll
0x00007ffa9f720000 - 0x00007ffa9f728000 	C:\Windows\System32\PSAPI.DLL
0x00007ffa87c10000 - 0x00007ffa87c37000 	C:\Windows\SYSTEM32\WINMM.dll
0x00007ffa953e0000 - 0x00007ffa953ea000 	C:\Windows\SYSTEM32\VERSION.dll
0x00007ffa9a7b0000 - 0x00007ffa9a7b9000 	C:\Windows\SYSTEM32\WSOCK32.dll
0x00007ffa9ee20000 - 0x00007ffa9ee8b000 	C:\Windows\System32\WS2_32.dll
0x00007ffa9b9b0000 - 0x00007ffa9b9c2000 	C:\Windows\SYSTEM32\kernel.appcore.dll
0x00007ffa99c90000 - 0x00007ffa99ca0000 	C:\Users\vlady\.jdks\corretto-11.0.14.1\bin\verify.dll
0x00007ffa872b0000 - 0x00007ffa87494000 	C:\Windows\SYSTEM32\DBGHELP.DLL
0x00007ffa862a0000 - 0x00007ffa862cc000 	C:\Windows\SYSTEM32\dbgcore.DLL
0x00007ffa9e120000 - 0x00007ffa9e1a2000 	C:\Windows\System32\bcryptPrimitives.dll
0x00007ffa79dd0000 - 0x00007ffa79df8000 	C:\Users\vlady\.jdks\corretto-11.0.14.1\bin\java.dll
0x00007ffa99c40000 - 0x00007ffa99c4a000 	C:\Users\vlady\.jdks\corretto-11.0.14.1\bin\jimage.dll
0x00007ffa5f350000 - 0x00007ffa5f388000 	C:\Users\vlady\.jdks\corretto-11.0.14.1\bin\jdwp.dll
0x00007ffa98d00000 - 0x00007ffa98d0e000 	C:\Users\vlady\.jdks\corretto-11.0.14.1\bin\instrument.dll
0x00007ffa79600000 - 0x00007ffa79618000 	C:\Users\vlady\.jdks\corretto-11.0.14.1\bin\zip.dll
0x00007ffa9efd0000 - 0x00007ffa9f714000 	C:\Windows\System32\SHELL32.dll
0x00007ffa9bbb0000 - 0x00007ffa9c344000 	C:\Windows\SYSTEM32\windows.storage.dll
0x00007ffa9f790000 - 0x00007ffa9fae4000 	C:\Windows\System32\combase.dll
0x00007ffa9d540000 - 0x00007ffa9d56c000 	C:\Windows\SYSTEM32\Wldp.dll
0x00007ffa9fdc0000 - 0x00007ffa9fe6d000 	C:\Windows\System32\SHCORE.dll
0x00007ffa9edc0000 - 0x00007ffa9ee15000 	C:\Windows\System32\shlwapi.dll
0x00007ffa9da10000 - 0x00007ffa9da2f000 	C:\Windows\SYSTEM32\profapi.dll
0x00007ffa986f0000 - 0x00007ffa986fa000 	C:\Users\vlady\.jdks\corretto-11.0.14.1\bin\dt_socket.dll
0x00007ffa9d250000 - 0x00007ffa9d2ba000 	C:\Windows\system32\mswsock.dll
0x00007ffa779b0000 - 0x00007ffa779c9000 	C:\Users\vlady\.jdks\corretto-11.0.14.1\bin\net.dll
0x00007ffa92ff0000 - 0x00007ffa930fa000 	C:\Windows\SYSTEM32\WINHTTP.dll
0x00007ffa76130000 - 0x00007ffa76143000 	C:\Users\vlady\.jdks\corretto-11.0.14.1\bin\nio.dll
0x00007ffa9d400000 - 0x00007ffa9d418000 	C:\Windows\SYSTEM32\CRYPTSP.dll
0x00007ffa9cb70000 - 0x00007ffa9cba4000 	C:\Windows\system32\rsaenh.dll
0x00007ffa9e0c0000 - 0x00007ffa9e0e7000 	C:\Windows\System32\bcrypt.dll
0x00007ffa9d9d0000 - 0x00007ffa9d9fe000 	C:\Windows\SYSTEM32\USERENV.dll
0x00007ffa9d420000 - 0x00007ffa9d42c000 	C:\Windows\SYSTEM32\CRYPTBASE.dll
0x00007ffa9cf00000 - 0x00007ffa9cf3b000 	C:\Windows\SYSTEM32\IPHLPAPI.DLL
0x00007ffa9e410000 - 0x00007ffa9e418000 	C:\Windows\System32\NSI.dll
0x00007ffa96c60000 - 0x00007ffa96c77000 	C:\Windows\SYSTEM32\dhcpcsvc6.DLL
0x00007ffa96c40000 - 0x00007ffa96c5d000 	C:\Windows\SYSTEM32\dhcpcsvc.DLL
0x00007ffa9cf40000 - 0x00007ffa9d00b000 	C:\Windows\SYSTEM32\DNSAPI.dll
0x00007ffa986e0000 - 0x00007ffa986e9000 	C:\Users\vlady\.jdks\corretto-11.0.14.1\bin\management.dll
0x00007ffa96a40000 - 0x00007ffa96a4b000 	C:\Users\vlady\.jdks\corretto-11.0.14.1\bin\management_ext.dll
0x00007ffa7ee20000 - 0x00007ffa7ee37000 	C:\Windows\system32\napinsp.dll
0x00007ffa7ee00000 - 0x00007ffa7ee1b000 	C:\Windows\system32\pnrpnsp.dll
0x00007ffa98410000 - 0x00007ffa98425000 	C:\Windows\system32\wshbth.dll
0x00007ffa99790000 - 0x00007ffa997ad000 	C:\Windows\system32\NLAapi.dll
0x00007ffa7ede0000 - 0x00007ffa7edf2000 	C:\Windows\System32\winrnr.dll
0x00007ffa90dd0000 - 0x00007ffa90dda000 	C:\Windows\System32\rasadhlp.dll
0x00007ffa90e30000 - 0x00007ffa90eaf000 	C:\Windows\System32\fwpuclnt.dll
0x00007ffa62680000 - 0x00007ffa626a5000 	C:\Users\vlady\.jdks\corretto-11.0.14.1\bin\sunec.dll
0x00007ffa96a30000 - 0x00007ffa96a3e000 	C:\Users\vlady\.jdks\corretto-11.0.14.1\bin\sunmscapi.dll
0x00007ffa9e200000 - 0x00007ffa9e356000 	C:\Windows\System32\CRYPT32.dll
0x00007ffa9d5b0000 - 0x00007ffa9d5d7000 	C:\Windows\SYSTEM32\ncrypt.dll
0x00007ffa9d570000 - 0x00007ffa9d5ab000 	C:\Windows\SYSTEM32\NTASN1.dll

dbghelp: loaded successfully - version: 4.0.5 - missing functions: none
symbol engine: initialized successfully - sym options: 0x614 - pdb path: .;C:\Users\vlady\.jdks\corretto-11.0.14.1\bin;C:\Windows\SYSTEM32;C:\Windows\WinSxS\amd64_microsoft.windows.common-controls_6595b64144ccf1df_6.0.19041.1110_none_60b5254171f9507e;C:\Users\vlady\.jdks\corretto-11.0.14.1\bin\server

VM Arguments:
jvm_args: -agentlib:jdwp=transport=dt_socket,address=127.0.0.1:58226,suspend=y,server=n -ea -Didea.test.cyclic.buffer.size=1048576 -javaagent:C:\Users\vlady\AppData\Local\JetBrains\IntelliJIdea2021.3\captureAgent\debugger-agent.jar -Dfile.encoding=UTF-8 
java_command: com.intellij.rt.testng.RemoteTestNGStarter -usedefaultlisteners false -socket58225 @w@C:\Users\vlady\AppData\Local\Temp\idea_working_dirs_testng.tmp -temp C:\Users\vlady\AppData\Local\Temp\idea_testng.tmp
java_class_path (initial): E:\Programs\IntelliJ IDEA 2021.3.3\lib\idea_rt.jar;E:\Programs\IntelliJ IDEA 2021.3.3\plugins\testng\lib\testng-rt.jar;E:\Java\Projects\DemoTestNJ\target\test-classes;E:\Java\Projects\DemoTestNJ\target\classes;C:\Users\vlady\.m2\repository\org\springframework\boot\spring-boot-starter-web\2.6.6\spring-boot-starter-web-2.6.6.jar;C:\Users\vlady\.m2\repository\org\springframework\boot\spring-boot-starter\2.6.6\spring-boot-starter-2.6.6.jar;C:\Users\vlady\.m2\repository\org\springframework\boot\spring-boot-starter-logging\2.6.6\spring-boot-starter-logging-2.6.6.jar;C:\Users\vlady\.m2\repository\ch\qos\logback\logback-classic\1.2.11\logback-classic-1.2.11.jar;C:\Users\vlady\.m2\repository\ch\qos\logback\logback-core\1.2.11\logback-core-1.2.11.jar;C:\Users\vlady\.m2\repository\org\apache\logging\log4j\log4j-to-slf4j\2.17.2\log4j-to-slf4j-2.17.2.jar;C:\Users\vlady\.m2\repository\org\apache\logging\log4j\log4j-api\2.17.2\log4j-api-2.17.2.jar;C:\Users\vlady\.m2\repository\org\slf4j\jul-to-slf4j\1.7.36\jul-to-slf4j-1.7.36.jar;C:\Users\vlady\.m2\repository\org\yaml\snakeyaml\1.29\snakeyaml-1.29.jar;C:\Users\vlady\.m2\repository\org\springframework\boot\spring-boot-starter-json\2.6.6\spring-boot-starter-json-2.6.6.jar;C:\Users\vlady\.m2\repository\com\fasterxml\jackson\core\jackson-databind\2.13.2.2\jackson-databind-2.13.2.2.jar;C:\Users\vlady\.m2\repository\com\fasterxml\jackson\core\jackson-annotations\2.13.2\jackson-annotations-2.13.2.jar;C:\Users\vlady\.m2\repository\com\fasterxml\jackson\core\jackson-core\2.13.2\jackson-core-2.13.2.jar;C:\Users\vlady\.m2\repository\com\fasterxml\jackson\datatype\jackson-datatype-jdk8\2.13.2\jackson-datatype-jdk8-2.13.2.jar;C:\Users\vlady\.m2\repository\com\fasterxml\jackson\datatype\jackson-datatype-jsr310\2.13.2\jackson-datatype-jsr310-2.13.2.jar;C:\Users\vlady\.m2\repository\com\fasterxml\jackson\module\jackson-module-parameter-names\2.13.2\jackson-module-parameter-names-2.13.2.jar;C:\Users\vlady\.m2\repositor
Launcher Type: SUN_STANDARD

[Global flags]
     intx CICompilerCount                          = 4                                         {product} {ergonomic}
     uint ConcGCThreads                            = 3                                         {product} {ergonomic}
     uint G1ConcRefinementThreads                  = 10                                        {product} {ergonomic}
   size_t G1HeapRegionSize                         = 1048576                                   {product} {ergonomic}
    uintx GCDrainStackTargetSize                   = 64                                        {product} {ergonomic}
   size_t InitialHeapSize                          = 266338304                                 {product} {ergonomic}
   size_t MarkStackSize                            = 4194304                                   {product} {ergonomic}
   size_t MaxHeapSize                              = 4255121408                                {product} {ergonomic}
   size_t MaxNewSize                               = 2552233984                                {product} {ergonomic}
   size_t MinHeapDeltaBytes                        = 1048576                                   {product} {ergonomic}
    uintx NonNMethodCodeHeapSize                   = 5836300                                {pd product} {ergonomic}
    uintx NonProfiledCodeHeapSize                  = 122910970                              {pd product} {ergonomic}
    uintx ProfiledCodeHeapSize                     = 122910970                              {pd product} {ergonomic}
    uintx ReservedCodeCacheSize                    = 251658240                              {pd product} {ergonomic}
     bool SegmentedCodeCache                       = true                                      {product} {ergonomic}
     bool UseCompressedClassPointers               = true                                 {lp64_product} {ergonomic}
     bool UseCompressedOops                        = true                                 {lp64_product} {ergonomic}
     bool UseG1GC                                  = true                                      {product} {ergonomic}
     bool UseLargePagesIndividualAllocation        = false                                  {pd product} {ergonomic}

Logging:
Log output configuration:
 #0: stdout all=warning uptime,level,tags
 #1: stderr all=off uptime,level,tags

Environment Variables:
JAVA_HOME=C:\Users\vlady\.jdks\corretto-1.8.0_322\bin
PATH=C:\Users\vlady\.jdks\corretto-1.8.0_322\bin;E:\Programs\Git\cmd;C:\Program Files\NVIDIA Corporation\NVIDIA NvDLISR;C:\Program Files\MySQL\MySQL Shell 8.0\bin\;C:\Users\vlady\AppData\Local\Microsoft\WindowsApps;C:\Users\vlady\AppData\Roaming\nvm;C:\Program Files\nodejs;E:\Programs\IntelliJ IDEA 2021.3.3\bin;;C:\Users\vlady\.jdks\corretto-1.8.0_322\bin;
USERNAME=vlady
OS=Windows_NT
PROCESSOR_IDENTIFIER=Intel64 Family 6 Model 158 Stepping 10, GenuineIntel



---------------  S Y S T E M  ---------------

OS: Windows 10 , 64 bit Build 19041 (10.0.19041.1645)
OS uptime: 1 days 4:39 hours
Hyper-V role detected

CPU:total 12 (initial active 12) (6 cores per cpu, 2 threads per core) family 6 model 158 stepping 10 microcode 0xb4, cmov, cx8, fxsr, mmx, sse, sse2, sse3, ssse3, sse4.1, sse4.2, popcnt, avx, avx2, aes, clmul, erms, 3dnowpref, lzcnt, ht, tsc, tscinvbit, bmi1, bmi2, adx, fma

Memory: 4k page, system-wide physical 16229M (2211M free)
TotalPageFile size 25966M (AvailPageFile size 3458M)
current process WorkingSet (physical memory assigned to process): 335M, peak: 446M
current process commit charge ("private bytes"): 464M, peak: 584M

vm_info: OpenJDK 64-Bit Server VM (11.0.14.1+10-LTS) for windows-amd64 JRE (11.0.14.1+10-LTS), built on Feb  8 2022 00:13:20 by "Administrator" with unknown MS VC++:1916

END.
